<?xml version="1.0" encoding="UTF-8"?>
<coverage generated="1652919838049" clover="3.2.0">
  <project timestamp="1652919838049" name="All files">
    <metrics statements="203" coveredstatements="169" conditionals="77" coveredconditionals="67" methods="65" coveredmethods="52" elements="345" coveredelements="288" complexity="0" loc="203" ncloc="203" packages="2" files="17" classes="17"/>
    <package name="domain">
      <metrics statements="174" coveredstatements="162" conditionals="71" coveredconditionals="67" methods="60" coveredmethods="50"/>
      <file name="bishop.ts" path="C:\Users\Juan Martin Garcia\Documents\Juan\JalaSoft\DEV-Bootcamp-Backend\chess\src\domain\bishop.ts">
        <metrics statements="8" coveredstatements="8" conditionals="1" coveredconditionals="1" methods="2" coveredmethods="2"/>
        <line num="1" count="3" type="stmt"/>
        <line num="5" count="3" type="stmt"/>
        <line num="7" count="37" type="stmt"/>
        <line num="8" count="37" type="stmt"/>
        <line num="9" count="37" type="stmt"/>
        <line num="12" count="70" type="cond" truecount="1" falsecount="0"/>
        <line num="15" count="1" type="stmt"/>
        <line num="16" count="69" type="stmt"/>
      </file>
      <file name="board.ts" path="C:\Users\Juan Martin Garcia\Documents\Juan\JalaSoft\DEV-Bootcamp-Backend\chess\src\domain\board.ts">
        <metrics statements="60" coveredstatements="58" conditionals="38" coveredconditionals="35" methods="16" coveredmethods="15"/>
        <line num="1" count="2" type="stmt"/>
        <line num="2" count="2" type="stmt"/>
        <line num="3" count="2" type="stmt"/>
        <line num="4" count="2" type="stmt"/>
        <line num="5" count="2" type="stmt"/>
        <line num="6" count="2" type="stmt"/>
        <line num="8" count="2" type="stmt"/>
        <line num="10" count="2" type="stmt"/>
        <line num="11" count="2" type="stmt"/>
        <line num="13" count="2" type="stmt"/>
        <line num="15" count="2" type="stmt"/>
        <line num="19" count="9" type="stmt"/>
        <line num="23" count="0" type="stmt"/>
        <line num="27" count="9" type="stmt"/>
        <line num="29" count="9" type="stmt"/>
        <line num="30" count="72" type="stmt"/>
        <line num="31" count="576" type="cond" truecount="2" falsecount="0"/>
        <line num="32" count="144" type="stmt"/>
        <line num="33" count="144" type="stmt"/>
        <line num="34" count="432" type="cond" truecount="1" falsecount="0"/>
        <line num="35" count="144" type="stmt"/>
        <line num="36" count="144" type="stmt"/>
        <line num="43" count="288" type="cond" truecount="4" falsecount="0"/>
        <line num="44" count="144" type="cond" truecount="4" falsecount="0"/>
        <line num="45" count="36" type="stmt"/>
        <line num="46" count="108" type="cond" truecount="4" falsecount="0"/>
        <line num="47" count="36" type="stmt"/>
        <line num="48" count="72" type="cond" truecount="4" falsecount="0"/>
        <line num="49" count="36" type="stmt"/>
        <line num="50" count="36" type="cond" truecount="2" falsecount="0"/>
        <line num="51" count="18" type="stmt"/>
        <line num="53" count="18" type="stmt"/>
        <line num="55" count="144" type="cond" truecount="3" falsecount="0"/>
        <line num="56" count="144" type="stmt"/>
        <line num="61" count="1127" type="stmt"/>
        <line num="65" count="14" type="stmt"/>
        <line num="69" count="28" type="stmt"/>
        <line num="73" count="28" type="cond" truecount="4" falsecount="0"/>
        <line num="77" count="28" type="stmt"/>
        <line num="81" count="28" type="stmt"/>
        <line num="85" count="28" type="stmt"/>
        <line num="86" count="28" type="stmt"/>
        <line num="87" count="28" type="stmt"/>
        <line num="91" count="28" type="stmt"/>
        <line num="92" count="14" type="stmt"/>
        <line num="98" count="14" type="cond" truecount="1" falsecount="0"/>
        <line num="100" count="23" type="stmt"/>
        <line num="104" count="29" type="stmt"/>
        <line num="105" count="29" type="cond" truecount="0" falsecount="1"/>
        <line num="106" count="29" type="stmt"/>
        <line num="107" count="928" type="stmt"/>
        <line num="109" count="29" type="stmt"/>
        <line num="111" count="460" type="cond" truecount="3" falsecount="0"/>
        <line num="118" count="28" type="stmt"/>
        <line num="119" count="28" type="cond" truecount="0" falsecount="1"/>
        <line num="120" count="28" type="cond" truecount="0" falsecount="1"/>
        <line num="121" count="0" type="stmt"/>
        <line num="122" count="28" type="cond" truecount="3" falsecount="0"/>
        <line num="123" count="3" type="stmt"/>
        <line num="124" count="25" type="stmt"/>
      </file>
      <file name="game.ts" path="C:\Users\Juan Martin Garcia\Documents\Juan\JalaSoft\DEV-Bootcamp-Backend\chess\src\domain\game.ts">
        <metrics statements="26" coveredstatements="22" conditionals="5" coveredconditionals="4" methods="9" coveredmethods="6"/>
        <line num="2" count="2" type="stmt"/>
        <line num="5" count="2" type="stmt"/>
        <line num="6" count="2" type="stmt"/>
        <line num="9" count="2" type="stmt"/>
        <line num="15" count="9" type="stmt"/>
        <line num="16" count="9" type="stmt"/>
        <line num="20" count="0" type="stmt"/>
        <line num="24" count="0" type="stmt"/>
        <line num="28" count="0" type="stmt"/>
        <line num="37" count="0" type="stmt"/>
        <line num="41" count="25" type="cond" truecount="2" falsecount="0"/>
        <line num="42" count="15" type="stmt"/>
        <line num="43" count="15" type="stmt"/>
        <line num="45" count="10" type="stmt"/>
        <line num="46" count="10" type="stmt"/>
        <line num="51" count="9" type="stmt"/>
        <line num="52" count="9" type="stmt"/>
        <line num="53" count="9" type="stmt"/>
        <line num="54" count="9" type="stmt"/>
        <line num="58" count="29" type="cond" truecount="0" falsecount="1"/>
        <line num="62" count="29" type="cond" truecount="1" falsecount="0"/>
        <line num="66" count="29" type="stmt"/>
        <line num="67" count="29" type="stmt"/>
        <line num="68" count="28" type="stmt"/>
        <line num="69" count="25" type="cond" truecount="1" falsecount="0"/>
        <line num="70" count="25" type="stmt"/>
      </file>
      <file name="king.ts" path="C:\Users\Juan Martin Garcia\Documents\Juan\JalaSoft\DEV-Bootcamp-Backend\chess\src\domain\king.ts">
        <metrics statements="7" coveredstatements="7" conditionals="3" coveredconditionals="3" methods="2" coveredmethods="2"/>
        <line num="1" count="3" type="stmt"/>
        <line num="5" count="3" type="stmt"/>
        <line num="7" count="19" type="stmt"/>
        <line num="8" count="19" type="stmt"/>
        <line num="9" count="19" type="stmt"/>
        <line num="12" count="37" type="stmt"/>
        <line num="13" count="37" type="stmt"/>
      </file>
      <file name="knight.ts" path="C:\Users\Juan Martin Garcia\Documents\Juan\JalaSoft\DEV-Bootcamp-Backend\chess\src\domain\knight.ts">
        <metrics statements="10" coveredstatements="10" conditionals="1" coveredconditionals="1" methods="2" coveredmethods="2"/>
        <line num="1" count="3" type="stmt"/>
        <line num="5" count="3" type="stmt"/>
        <line num="7" count="37" type="stmt"/>
        <line num="8" count="37" type="stmt"/>
        <line num="9" count="37" type="stmt"/>
        <line num="12" count="76" type="stmt"/>
        <line num="13" count="76" type="stmt"/>
        <line num="14" count="76" type="stmt"/>
        <line num="17" count="76" type="cond" truecount="1" falsecount="0"/>
        <line num="18" count="75" type="stmt"/>
      </file>
      <file name="movement.ts" path="C:\Users\Juan Martin Garcia\Documents\Juan\JalaSoft\DEV-Bootcamp-Backend\chess\src\domain\movement.ts">
        <metrics statements="10" coveredstatements="8" conditionals="0" coveredconditionals="0" methods="9" coveredmethods="7"/>
        <line num="3" count="2" type="stmt"/>
        <line num="4" count="29" type="stmt"/>
        <line num="7" count="80" type="stmt"/>
        <line num="11" count="513" type="stmt"/>
        <line num="15" count="0" type="stmt"/>
        <line num="19" count="42" type="stmt"/>
        <line num="23" count="0" type="stmt"/>
        <line num="27" count="28" type="stmt"/>
        <line num="31" count="42" type="stmt"/>
        <line num="35" count="28" type="stmt"/>
      </file>
      <file name="pawn.ts" path="C:\Users\Juan Martin Garcia\Documents\Juan\JalaSoft\DEV-Bootcamp-Backend\chess\src\domain\pawn.ts">
        <metrics statements="13" coveredstatements="13" conditionals="9" coveredconditionals="9" methods="2" coveredmethods="2"/>
        <line num="1" count="3" type="stmt"/>
        <line num="5" count="3" type="stmt"/>
        <line num="7" count="146" type="stmt"/>
        <line num="8" count="146" type="stmt"/>
        <line num="9" count="146" type="stmt"/>
        <line num="12" count="257" type="stmt"/>
        <line num="13" count="257" type="stmt"/>
        <line num="14" count="257" type="cond" truecount="2" falsecount="0"/>
        <line num="16" count="257" type="stmt"/>
        <line num="18" count="257" type="stmt"/>
        <line num="20" count="257" type="stmt"/>
        <line num="22" count="257" type="stmt"/>
        <line num="24" count="257" type="stmt"/>
      </file>
      <file name="piece.ts" path="C:\Users\Juan Martin Garcia\Documents\Juan\JalaSoft\DEV-Bootcamp-Backend\chess\src\domain\piece.ts">
        <metrics statements="8" coveredstatements="7" conditionals="2" coveredconditionals="2" methods="6" coveredmethods="5"/>
        <line num="4" count="8" type="stmt"/>
        <line num="8" count="295" type="stmt"/>
        <line num="9" count="295" type="stmt"/>
        <line num="13" count="0" type="stmt"/>
        <line num="17" count="15" type="stmt"/>
        <line num="21" count="1185" type="stmt"/>
        <line num="25" count="25" type="stmt"/>
        <line num="29" count="1408" type="cond" truecount="2" falsecount="0"/>
      </file>
      <file name="player.ts" path="C:\Users\Juan Martin Garcia\Documents\Juan\JalaSoft\DEV-Bootcamp-Backend\chess\src\domain\player.ts">
        <metrics statements="8" coveredstatements="5" conditionals="0" coveredconditionals="0" methods="5" coveredmethods="2"/>
        <line num="3" count="2" type="stmt"/>
        <line num="5" count="18" type="stmt"/>
        <line num="6" count="18" type="stmt"/>
        <line num="10" count="0" type="stmt"/>
        <line num="14" count="0" type="stmt"/>
        <line num="18" count="0" type="stmt"/>
        <line num="22" count="25" type="stmt"/>
        <line num="23" count="25" type="stmt"/>
      </file>
      <file name="position.ts" path="C:\Users\Juan Martin Garcia\Documents\Juan\JalaSoft\DEV-Bootcamp-Backend\chess\src\domain\position.ts">
        <metrics statements="8" coveredstatements="8" conditionals="4" coveredconditionals="4" methods="3" coveredmethods="3"/>
        <line num="4" count="8" type="stmt"/>
        <line num="8" count="423" type="stmt"/>
        <line num="9" count="423" type="stmt"/>
        <line num="10" count="423" type="cond" truecount="2" falsecount="0"/>
        <line num="11" count="302" type="cond" truecount="2" falsecount="0"/>
        <line num="15" count="121" type="stmt"/>
        <line num="19" count="4054" type="stmt"/>
        <line num="23" count="3798" type="stmt"/>
      </file>
      <file name="queen.ts" path="C:\Users\Juan Martin Garcia\Documents\Juan\JalaSoft\DEV-Bootcamp-Backend\chess\src\domain\queen.ts">
        <metrics statements="9" coveredstatements="9" conditionals="5" coveredconditionals="5" methods="2" coveredmethods="2"/>
        <line num="1" count="3" type="stmt"/>
        <line num="5" count="3" type="stmt"/>
        <line num="7" count="19" type="stmt"/>
        <line num="8" count="19" type="stmt"/>
        <line num="9" count="19" type="stmt"/>
        <line num="13" count="51" type="stmt"/>
        <line num="18" count="51" type="cond" truecount="2" falsecount="0"/>
        <line num="20" count="51" type="cond" truecount="1" falsecount="0"/>
        <line num="21" count="50" type="cond" truecount="2" falsecount="0"/>
      </file>
      <file name="rook.ts" path="C:\Users\Juan Martin Garcia\Documents\Juan\JalaSoft\DEV-Bootcamp-Backend\chess\src\domain\rook.ts">
        <metrics statements="7" coveredstatements="7" conditionals="3" coveredconditionals="3" methods="2" coveredmethods="2"/>
        <line num="1" count="3" type="stmt"/>
        <line num="5" count="3" type="stmt"/>
        <line num="7" count="37" type="stmt"/>
        <line num="8" count="37" type="stmt"/>
        <line num="9" count="37" type="stmt"/>
        <line num="12" count="76" type="cond" truecount="1" falsecount="0"/>
        <line num="13" count="75" type="stmt"/>
      </file>
    </package>
    <package name="domain.exceptions">
      <metrics statements="29" coveredstatements="7" conditionals="6" coveredconditionals="0" methods="5" coveredmethods="2"/>
      <file name="blockingPiece.ts" path="C:\Users\Juan Martin Garcia\Documents\Juan\JalaSoft\DEV-Bootcamp-Backend\chess\src\domain\exceptions\blockingPiece.ts">
        <metrics statements="2" coveredstatements="2" conditionals="0" coveredconditionals="0" methods="1" coveredmethods="1"/>
        <line num="1" count="2" type="stmt"/>
        <line num="3" count="3" type="stmt"/>
      </file>
      <file name="invalidPieceMovement.ts" path="C:\Users\Juan Martin Garcia\Documents\Juan\JalaSoft\DEV-Bootcamp-Backend\chess\src\domain\exceptions\invalidPieceMovement.ts">
        <metrics statements="21" coveredstatements="1" conditionals="6" coveredconditionals="0" methods="1" coveredmethods="0"/>
        <line num="1" count="2" type="stmt"/>
        <line num="3" count="0" type="stmt"/>
        <line num="4" count="0" type="cond" truecount="0" falsecount="6"/>
        <line num="6" count="0" type="stmt"/>
        <line num="7" count="0" type="stmt"/>
        <line num="8" count="0" type="stmt"/>
        <line num="10" count="0" type="stmt"/>
        <line num="11" count="0" type="stmt"/>
        <line num="12" count="0" type="stmt"/>
        <line num="14" count="0" type="stmt"/>
        <line num="15" count="0" type="stmt"/>
        <line num="16" count="0" type="stmt"/>
        <line num="18" count="0" type="stmt"/>
        <line num="19" count="0" type="stmt"/>
        <line num="20" count="0" type="stmt"/>
        <line num="22" count="0" type="stmt"/>
        <line num="23" count="0" type="stmt"/>
        <line num="24" count="0" type="stmt"/>
        <line num="26" count="0" type="stmt"/>
        <line num="27" count="0" type="stmt"/>
        <line num="28" count="0" type="stmt"/>
      </file>
      <file name="invalidTurn.ts" path="C:\Users\Juan Martin Garcia\Documents\Juan\JalaSoft\DEV-Bootcamp-Backend\chess\src\domain\exceptions\invalidTurn.ts">
        <metrics statements="2" coveredstatements="1" conditionals="0" coveredconditionals="0" methods="1" coveredmethods="0"/>
        <line num="1" count="2" type="stmt"/>
        <line num="3" count="0" type="stmt"/>
      </file>
      <file name="kingExposed.ts" path="C:\Users\Juan Martin Garcia\Documents\Juan\JalaSoft\DEV-Bootcamp-Backend\chess\src\domain\exceptions\kingExposed.ts">
        <metrics statements="2" coveredstatements="2" conditionals="0" coveredconditionals="0" methods="1" coveredmethods="1"/>
        <line num="1" count="2" type="stmt"/>
        <line num="3" count="1" type="stmt"/>
      </file>
      <file name="pieceNotFound.ts" path="C:\Users\Juan Martin Garcia\Documents\Juan\JalaSoft\DEV-Bootcamp-Backend\chess\src\domain\exceptions\pieceNotFound.ts">
        <metrics statements="2" coveredstatements="1" conditionals="0" coveredconditionals="0" methods="1" coveredmethods="0"/>
        <line num="1" count="2" type="stmt"/>
        <line num="3" count="0" type="stmt"/>
      </file>
    </package>
  </project>
</coverage>
