<?xml version="1.0" encoding="UTF-8"?>
<coverage generated="1652814759338" clover="3.2.0">
  <project timestamp="1652814759338" name="All files">
    <metrics statements="191" coveredstatements="161" conditionals="84" coveredconditionals="73" methods="51" coveredmethods="41" elements="326" coveredelements="275" complexity="0" loc="191" ncloc="191" packages="2" files="16" classes="16"/>
    <package name="domain">
      <metrics statements="162" coveredstatements="154" conditionals="78" coveredconditionals="73" methods="46" coveredmethods="39"/>
      <file name="bishop.ts" path="C:\Users\juanm\Documents\Juan\JalaSoft\DEV-Bootcamp-Backend\chess\src\domain\bishop.ts">
        <metrics statements="8" coveredstatements="8" conditionals="1" coveredconditionals="1" methods="2" coveredmethods="2"/>
        <line num="1" count="3" type="stmt"/>
        <line num="5" count="3" type="stmt"/>
        <line num="7" count="29" type="stmt"/>
        <line num="8" count="29" type="stmt"/>
        <line num="9" count="29" type="stmt"/>
        <line num="12" count="50" type="cond" truecount="1" falsecount="0"/>
        <line num="15" count="1" type="stmt"/>
        <line num="16" count="49" type="stmt"/>
      </file>
      <file name="board.ts" path="C:\Users\juanm\Documents\Juan\JalaSoft\DEV-Bootcamp-Backend\chess\src\domain\board.ts">
        <metrics statements="60" coveredstatements="59" conditionals="44" coveredconditionals="40" methods="13" coveredmethods="12"/>
        <line num="1" count="2" type="stmt"/>
        <line num="2" count="2" type="stmt"/>
        <line num="3" count="2" type="stmt"/>
        <line num="4" count="2" type="stmt"/>
        <line num="5" count="2" type="stmt"/>
        <line num="6" count="2" type="stmt"/>
        <line num="8" count="2" type="stmt"/>
        <line num="10" count="2" type="stmt"/>
        <line num="11" count="2" type="stmt"/>
        <line num="12" count="2" type="stmt"/>
        <line num="14" count="2" type="stmt"/>
        <line num="18" count="7" type="stmt"/>
        <line num="22" count="0" type="stmt"/>
        <line num="26" count="7" type="stmt"/>
        <line num="28" count="7" type="stmt"/>
        <line num="29" count="56" type="stmt"/>
        <line num="30" count="448" type="cond" truecount="2" falsecount="0"/>
        <line num="31" count="112" type="stmt"/>
        <line num="32" count="112" type="stmt"/>
        <line num="33" count="336" type="cond" truecount="1" falsecount="0"/>
        <line num="34" count="112" type="stmt"/>
        <line num="35" count="112" type="stmt"/>
        <line num="42" count="224" type="cond" truecount="4" falsecount="0"/>
        <line num="43" count="112" type="cond" truecount="4" falsecount="0"/>
        <line num="44" count="28" type="stmt"/>
        <line num="45" count="84" type="cond" truecount="4" falsecount="0"/>
        <line num="46" count="28" type="stmt"/>
        <line num="47" count="56" type="cond" truecount="4" falsecount="0"/>
        <line num="48" count="28" type="stmt"/>
        <line num="49" count="28" type="cond" truecount="2" falsecount="0"/>
        <line num="50" count="14" type="stmt"/>
        <line num="52" count="14" type="stmt"/>
        <line num="54" count="112" type="cond" truecount="3" falsecount="0"/>
        <line num="55" count="112" type="stmt"/>
        <line num="60" count="469" type="stmt"/>
        <line num="61" count="37" type="cond" truecount="0" falsecount="1"/>
        <line num="62" count="37" type="stmt"/>
        <line num="66" count="224" type="stmt"/>
        <line num="67" count="10" type="cond" truecount="1" falsecount="0"/>
        <line num="68" count="5" type="stmt"/>
        <line num="73" count="18" type="stmt"/>
        <line num="74" count="18" type="stmt"/>
        <line num="76" count="18" type="cond" truecount="4" falsecount="0"/>
        <line num="78" count="18" type="cond" truecount="3" falsecount="1"/>
        <line num="80" count="18" type="cond" truecount="1" falsecount="1"/>
        <line num="83" count="18" type="stmt"/>
        <line num="85" count="18" type="stmt"/>
        <line num="86" count="10" type="stmt"/>
        <line num="90" count="10" type="cond" truecount="1" falsecount="0"/>
        <line num="136" count="18" type="stmt"/>
        <line num="140" count="19" type="stmt"/>
        <line num="141" count="19" type="stmt"/>
        <line num="142" count="608" type="stmt"/>
        <line num="144" count="19" type="stmt"/>
        <line num="146" count="300" type="cond" truecount="3" falsecount="0"/>
        <line num="153" count="18" type="stmt"/>
        <line num="154" count="18" type="cond" truecount="0" falsecount="1"/>
        <line num="155" count="18" type="cond" truecount="3" falsecount="0"/>
        <line num="156" count="3" type="stmt"/>
        <line num="157" count="15" type="stmt"/>
      </file>
      <file name="game.ts" path="C:\Users\juanm\Documents\Juan\JalaSoft\DEV-Bootcamp-Backend\chess\src\domain\game.ts">
        <metrics statements="24" coveredstatements="20" conditionals="6" coveredconditionals="5" methods="7" coveredmethods="4"/>
        <line num="2" count="2" type="stmt"/>
        <line num="5" count="2" type="stmt"/>
        <line num="6" count="2" type="stmt"/>
        <line num="8" count="2" type="stmt"/>
        <line num="14" count="7" type="stmt"/>
        <line num="15" count="7" type="stmt"/>
        <line num="19" count="0" type="stmt"/>
        <line num="23" count="0" type="stmt"/>
        <line num="27" count="0" type="stmt"/>
        <line num="39" count="15" type="cond" truecount="2" falsecount="0"/>
        <line num="40" count="9" type="stmt"/>
        <line num="41" count="9" type="stmt"/>
        <line num="43" count="6" type="stmt"/>
        <line num="44" count="6" type="stmt"/>
        <line num="49" count="7" type="stmt"/>
        <line num="50" count="7" type="stmt"/>
        <line num="51" count="7" type="stmt"/>
        <line num="52" count="7" type="stmt"/>
        <line num="56" count="19" type="cond" truecount="1" falsecount="1"/>
        <line num="57" count="19" type="cond" truecount="1" falsecount="0"/>
        <line num="58" count="18" type="stmt"/>
        <line num="59" count="15" type="stmt"/>
        <line num="60" count="15" type="cond" truecount="1" falsecount="0"/>
        <line num="62" count="0" type="stmt"/>
      </file>
      <file name="king.ts" path="C:\Users\juanm\Documents\Juan\JalaSoft\DEV-Bootcamp-Backend\chess\src\domain\king.ts">
        <metrics statements="7" coveredstatements="7" conditionals="3" coveredconditionals="3" methods="2" coveredmethods="2"/>
        <line num="1" count="3" type="stmt"/>
        <line num="5" count="3" type="stmt"/>
        <line num="7" count="15" type="stmt"/>
        <line num="8" count="15" type="stmt"/>
        <line num="9" count="15" type="stmt"/>
        <line num="12" count="26" type="stmt"/>
        <line num="13" count="26" type="stmt"/>
      </file>
      <file name="knight.ts" path="C:\Users\juanm\Documents\Juan\JalaSoft\DEV-Bootcamp-Backend\chess\src\domain\knight.ts">
        <metrics statements="10" coveredstatements="10" conditionals="1" coveredconditionals="1" methods="2" coveredmethods="2"/>
        <line num="1" count="3" type="stmt"/>
        <line num="5" count="3" type="stmt"/>
        <line num="7" count="29" type="stmt"/>
        <line num="8" count="29" type="stmt"/>
        <line num="9" count="29" type="stmt"/>
        <line num="12" count="56" type="stmt"/>
        <line num="13" count="56" type="stmt"/>
        <line num="14" count="56" type="stmt"/>
        <line num="17" count="56" type="cond" truecount="1" falsecount="0"/>
        <line num="18" count="55" type="stmt"/>
      </file>
      <file name="pawn.ts" path="C:\Users\juanm\Documents\Juan\JalaSoft\DEV-Bootcamp-Backend\chess\src\domain\pawn.ts">
        <metrics statements="13" coveredstatements="13" conditionals="9" coveredconditionals="9" methods="2" coveredmethods="2"/>
        <line num="1" count="3" type="stmt"/>
        <line num="5" count="3" type="stmt"/>
        <line num="7" count="114" type="stmt"/>
        <line num="8" count="114" type="stmt"/>
        <line num="9" count="114" type="stmt"/>
        <line num="12" count="171" type="stmt"/>
        <line num="13" count="171" type="stmt"/>
        <line num="14" count="171" type="cond" truecount="2" falsecount="0"/>
        <line num="16" count="171" type="stmt"/>
        <line num="18" count="171" type="stmt"/>
        <line num="20" count="171" type="stmt"/>
        <line num="22" count="171" type="stmt"/>
        <line num="24" count="171" type="stmt"/>
      </file>
      <file name="piece.ts" path="C:\Users\juanm\Documents\Juan\JalaSoft\DEV-Bootcamp-Backend\chess\src\domain\piece.ts">
        <metrics statements="8" coveredstatements="7" conditionals="2" coveredconditionals="2" methods="6" coveredmethods="5"/>
        <line num="4" count="8" type="stmt"/>
        <line num="8" count="231" type="stmt"/>
        <line num="9" count="231" type="stmt"/>
        <line num="13" count="0" type="stmt"/>
        <line num="17" count="13" type="stmt"/>
        <line num="21" count="779" type="stmt"/>
        <line num="25" count="15" type="stmt"/>
        <line num="29" count="895" type="cond" truecount="2" falsecount="0"/>
      </file>
      <file name="player.ts" path="C:\Users\juanm\Documents\Juan\JalaSoft\DEV-Bootcamp-Backend\chess\src\domain\player.ts">
        <metrics statements="8" coveredstatements="6" conditionals="0" coveredconditionals="0" methods="5" coveredmethods="3"/>
        <line num="3" count="2" type="stmt"/>
        <line num="5" count="14" type="stmt"/>
        <line num="6" count="14" type="stmt"/>
        <line num="10" count="0" type="stmt"/>
        <line num="14" count="15" type="stmt"/>
        <line num="18" count="0" type="stmt"/>
        <line num="22" count="15" type="stmt"/>
        <line num="23" count="15" type="stmt"/>
      </file>
      <file name="position.ts" path="C:\Users\juanm\Documents\Juan\JalaSoft\DEV-Bootcamp-Backend\chess\src\domain\position.ts">
        <metrics statements="8" coveredstatements="8" conditionals="4" coveredconditionals="4" methods="3" coveredmethods="3"/>
        <line num="4" count="8" type="stmt"/>
        <line num="8" count="335" type="stmt"/>
        <line num="9" count="335" type="stmt"/>
        <line num="10" count="335" type="cond" truecount="2" falsecount="0"/>
        <line num="11" count="234" type="cond" truecount="2" falsecount="0"/>
        <line num="15" count="101" type="stmt"/>
        <line num="19" count="2642" type="stmt"/>
        <line num="23" count="2556" type="stmt"/>
      </file>
      <file name="queen.ts" path="C:\Users\juanm\Documents\Juan\JalaSoft\DEV-Bootcamp-Backend\chess\src\domain\queen.ts">
        <metrics statements="9" coveredstatements="9" conditionals="5" coveredconditionals="5" methods="2" coveredmethods="2"/>
        <line num="1" count="3" type="stmt"/>
        <line num="5" count="3" type="stmt"/>
        <line num="7" count="15" type="stmt"/>
        <line num="8" count="15" type="stmt"/>
        <line num="9" count="15" type="stmt"/>
        <line num="13" count="35" type="stmt"/>
        <line num="18" count="35" type="cond" truecount="2" falsecount="0"/>
        <line num="20" count="35" type="cond" truecount="1" falsecount="0"/>
        <line num="21" count="34" type="cond" truecount="2" falsecount="0"/>
      </file>
      <file name="rook.ts" path="C:\Users\juanm\Documents\Juan\JalaSoft\DEV-Bootcamp-Backend\chess\src\domain\rook.ts">
        <metrics statements="7" coveredstatements="7" conditionals="3" coveredconditionals="3" methods="2" coveredmethods="2"/>
        <line num="1" count="3" type="stmt"/>
        <line num="5" count="3" type="stmt"/>
        <line num="7" count="29" type="stmt"/>
        <line num="8" count="29" type="stmt"/>
        <line num="9" count="29" type="stmt"/>
        <line num="12" count="54" type="cond" truecount="1" falsecount="0"/>
        <line num="13" count="53" type="stmt"/>
      </file>
    </package>
    <package name="domain.exceptions">
      <metrics statements="29" coveredstatements="7" conditionals="6" coveredconditionals="0" methods="5" coveredmethods="2"/>
      <file name="blockingPiece.ts" path="C:\Users\juanm\Documents\Juan\JalaSoft\DEV-Bootcamp-Backend\chess\src\domain\exceptions\blockingPiece.ts">
        <metrics statements="2" coveredstatements="2" conditionals="0" coveredconditionals="0" methods="1" coveredmethods="1"/>
        <line num="1" count="2" type="stmt"/>
        <line num="3" count="3" type="stmt"/>
      </file>
      <file name="invalidPieceMovement.ts" path="C:\Users\juanm\Documents\Juan\JalaSoft\DEV-Bootcamp-Backend\chess\src\domain\exceptions\invalidPieceMovement.ts">
        <metrics statements="21" coveredstatements="1" conditionals="6" coveredconditionals="0" methods="1" coveredmethods="0"/>
        <line num="1" count="2" type="stmt"/>
        <line num="3" count="0" type="stmt"/>
        <line num="4" count="0" type="cond" truecount="0" falsecount="6"/>
        <line num="6" count="0" type="stmt"/>
        <line num="7" count="0" type="stmt"/>
        <line num="8" count="0" type="stmt"/>
        <line num="10" count="0" type="stmt"/>
        <line num="11" count="0" type="stmt"/>
        <line num="12" count="0" type="stmt"/>
        <line num="14" count="0" type="stmt"/>
        <line num="15" count="0" type="stmt"/>
        <line num="16" count="0" type="stmt"/>
        <line num="18" count="0" type="stmt"/>
        <line num="19" count="0" type="stmt"/>
        <line num="20" count="0" type="stmt"/>
        <line num="22" count="0" type="stmt"/>
        <line num="23" count="0" type="stmt"/>
        <line num="24" count="0" type="stmt"/>
        <line num="26" count="0" type="stmt"/>
        <line num="27" count="0" type="stmt"/>
        <line num="28" count="0" type="stmt"/>
      </file>
      <file name="invalidTurn.ts" path="C:\Users\juanm\Documents\Juan\JalaSoft\DEV-Bootcamp-Backend\chess\src\domain\exceptions\invalidTurn.ts">
        <metrics statements="2" coveredstatements="1" conditionals="0" coveredconditionals="0" methods="1" coveredmethods="0"/>
        <line num="1" count="2" type="stmt"/>
        <line num="3" count="0" type="stmt"/>
      </file>
      <file name="kingExposed.ts" path="C:\Users\juanm\Documents\Juan\JalaSoft\DEV-Bootcamp-Backend\chess\src\domain\exceptions\kingExposed.ts">
        <metrics statements="2" coveredstatements="2" conditionals="0" coveredconditionals="0" methods="1" coveredmethods="1"/>
        <line num="1" count="2" type="stmt"/>
        <line num="3" count="1" type="stmt"/>
      </file>
      <file name="pieceNotFound.ts" path="C:\Users\juanm\Documents\Juan\JalaSoft\DEV-Bootcamp-Backend\chess\src\domain\exceptions\pieceNotFound.ts">
        <metrics statements="2" coveredstatements="1" conditionals="0" coveredconditionals="0" methods="1" coveredmethods="0"/>
        <line num="1" count="2" type="stmt"/>
        <line num="3" count="0" type="stmt"/>
      </file>
    </package>
  </project>
</coverage>
