{"C:\\Users\\Juan Martin Garcia\\Documents\\Juan\\JalaSoft\\DEV-Bootcamp-Backend\\chess\\src\\domain\\bishop.ts": {"path":"C:\\Users\\Juan Martin Garcia\\Documents\\Juan\\JalaSoft\\DEV-Bootcamp-Backend\\chess\\src\\domain\\bishop.ts","statementMap":{"0":{"start":{"line":1,"column":0},"end":{"line":1,"column":28}},"1":{"start":{"line":7,"column":4},"end":{"line":7,"column":27}},"2":{"start":{"line":8,"column":4},"end":{"line":8,"column":25}},"3":{"start":{"line":9,"column":4},"end":{"line":9,"column":null}},"4":{"start":{"line":12,"column":4},"end":{"line":15,"column":19}},"5":{"start":{"line":15,"column":6},"end":{"line":15,"column":19}},"6":{"start":{"line":16,"column":4},"end":{"line":21,"column":6}},"7":{"start":{"line":5,"column":0},"end":{"line":5,"column":21}}},"fnMap":{"0":{"name":"(anonymous_1)","decl":{"start":{"line":6,"column":2},"end":{"line":6,"column":14}},"loc":{"start":{"line":6,"column":46},"end":{"line":10,"column":3}}},"1":{"name":"(anonymous_2)","decl":{"start":{"line":11,"column":2},"end":{"line":11,"column":11}},"loc":{"start":{"line":11,"column":30},"end":{"line":22,"column":3}}}},"branchMap":{"0":{"loc":{"start":{"line":12,"column":4},"end":{"line":15,"column":19}},"type":"if","locations":[{"start":{"line":12,"column":4},"end":{"line":15,"column":19}}]}},"s":{"0":2,"1":5,"2":5,"3":5,"4":11,"5":1,"6":10,"7":2},"f":{"0":5,"1":11},"b":{"0":[1]}}
,"C:\\Users\\Juan Martin Garcia\\Documents\\Juan\\JalaSoft\\DEV-Bootcamp-Backend\\chess\\src\\domain\\board.ts": {"path":"C:\\Users\\Juan Martin Garcia\\Documents\\Juan\\JalaSoft\\DEV-Bootcamp-Backend\\chess\\src\\domain\\board.ts","statementMap":{"0":{"start":{"line":1,"column":0},"end":{"line":1,"column":30}},"1":{"start":{"line":2,"column":0},"end":{"line":2,"column":26}},"2":{"start":{"line":3,"column":0},"end":{"line":3,"column":30}},"3":{"start":{"line":4,"column":0},"end":{"line":4,"column":26}},"4":{"start":{"line":5,"column":0},"end":{"line":5,"column":28}},"5":{"start":{"line":6,"column":0},"end":{"line":6,"column":26}},"6":{"start":{"line":8,"column":0},"end":{"line":8,"column":38}},"7":{"start":{"line":10,"column":0},"end":{"line":10,"column":69}},"8":{"start":{"line":11,"column":0},"end":{"line":11,"column":55}},"9":{"start":{"line":17,"column":4},"end":{"line":17,"column":null}},"10":{"start":{"line":21,"column":4},"end":{"line":21,"column":22}},"11":{"start":{"line":25,"column":4},"end":{"line":25,"column":null}},"12":{"start":{"line":27,"column":4},"end":{"line":37,"column":null}},"13":{"start":{"line":27,"column":26},"end":{"line":27,"column":27}},"14":{"start":{"line":28,"column":6},"end":{"line":36,"column":null}},"15":{"start":{"line":28,"column":29},"end":{"line":28,"column":30}},"16":{"start":{"line":29,"column":8},"end":{"line":35,"column":null}},"17":{"start":{"line":30,"column":10},"end":{"line":30,"column":null}},"18":{"start":{"line":31,"column":10},"end":{"line":31,"column":null}},"19":{"start":{"line":32,"column":15},"end":{"line":35,"column":null}},"20":{"start":{"line":33,"column":10},"end":{"line":33,"column":null}},"21":{"start":{"line":34,"column":10},"end":{"line":34,"column":null}},"22":{"start":{"line":41,"column":4},"end":{"line":55,"column":null}},"23":{"start":{"line":42,"column":6},"end":{"line":52,"column":null}},"24":{"start":{"line":43,"column":8},"end":{"line":43,"column":null}},"25":{"start":{"line":44,"column":13},"end":{"line":52,"column":null}},"26":{"start":{"line":45,"column":8},"end":{"line":45,"column":null}},"27":{"start":{"line":46,"column":13},"end":{"line":52,"column":null}},"28":{"start":{"line":47,"column":8},"end":{"line":47,"column":null}},"29":{"start":{"line":48,"column":13},"end":{"line":52,"column":null}},"30":{"start":{"line":49,"column":8},"end":{"line":49,"column":null}},"31":{"start":{"line":51,"column":8},"end":{"line":51,"column":null}},"32":{"start":{"line":53,"column":11},"end":{"line":55,"column":null}},"33":{"start":{"line":54,"column":6},"end":{"line":54,"column":null}},"34":{"start":{"line":59,"column":18},"end":{"line":59,"column":75}},"35":{"start":{"line":59,"column":45},"end":{"line":59,"column":74}},"36":{"start":{"line":60,"column":4},"end":{"line":60,"column":42}},"37":{"start":{"line":60,"column":16},"end":{"line":60,"column":42}},"38":{"start":{"line":61,"column":4},"end":{"line":61,"column":17}},"39":{"start":{"line":65,"column":18},"end":{"line":65,"column":73}},"40":{"start":{"line":65,"column":43},"end":{"line":65,"column":72}},"41":{"start":{"line":66,"column":4},"end":{"line":66,"column":28}},"42":{"start":{"line":66,"column":16},"end":{"line":66,"column":28}},"43":{"start":{"line":67,"column":4},"end":{"line":67,"column":17}},"44":{"start":{"line":71,"column":27},"end":{"line":71,"column":82}},"45":{"start":{"line":72,"column":27},"end":{"line":72,"column":54}},"46":{"start":{"line":73,"column":30},"end":{"line":73,"column":54}},"47":{"start":{"line":74,"column":30},"end":{"line":74,"column":54}},"48":{"start":{"line":75,"column":34},"end":{"line":75,"column":86}},"49":{"start":{"line":76,"column":34},"end":{"line":76,"column":86}},"50":{"start":{"line":77,"column":24},"end":{"line":77,"column":105}},"51":{"start":{"line":78,"column":24},"end":{"line":78,"column":29}},"52":{"start":{"line":80,"column":4},"end":{"line":86,"column":null}},"53":{"start":{"line":80,"column":21},"end":{"line":80,"column":22}},"54":{"start":{"line":81,"column":29},"end":{"line":83,"column":null}},"55":{"start":{"line":85,"column":6},"end":{"line":85,"column":69}},"56":{"start":{"line":85,"column":48},"end":{"line":85,"column":69}},"57":{"start":{"line":131,"column":4},"end":{"line":131,"column":25}},"58":{"start":{"line":135,"column":18},"end":{"line":135,"column":39}},"59":{"start":{"line":136,"column":26},"end":{"line":136,"column":78}},"60":{"start":{"line":136,"column":53},"end":{"line":136,"column":77}},"61":{"start":{"line":137,"column":4},"end":{"line":137,"column":null}},"62":{"start":{"line":137,"column":41},"end":{"line":137,"column":119}},"63":{"start":{"line":141,"column":18},"end":{"line":141,"column":39}},"64":{"start":{"line":142,"column":4},"end":{"line":142,"column":77}},"65":{"start":{"line":142,"column":31},"end":{"line":142,"column":77}},"66":{"start":{"line":143,"column":4},"end":{"line":143,"column":null}},"67":{"start":{"line":143,"column":48},"end":{"line":143,"column":null}},"68":{"start":{"line":144,"column":4},"end":{"line":144,"column":null}},"69":{"start":{"line":13,"column":0},"end":{"line":13,"column":21}}},"fnMap":{"0":{"name":"(anonymous_1)","decl":{"start":{"line":16,"column":2},"end":{"line":16,"column":null}},"loc":{"start":{"line":16,"column":2},"end":{"line":18,"column":3}}},"1":{"name":"(anonymous_2)","decl":{"start":{"line":20,"column":2},"end":{"line":20,"column":6}},"loc":{"start":{"line":20,"column":14},"end":{"line":22,"column":3}}},"2":{"name":"(anonymous_3)","decl":{"start":{"line":24,"column":10},"end":{"line":24,"column":19}},"loc":{"start":{"line":24,"column":19},"end":{"line":38,"column":3}}},"3":{"name":"(anonymous_4)","decl":{"start":{"line":40,"column":10},"end":{"line":40,"column":21}},"loc":{"start":{"line":40,"column":59},"end":{"line":56,"column":3}}},"4":{"name":"(anonymous_5)","decl":{"start":{"line":58,"column":2},"end":{"line":58,"column":11}},"loc":{"start":{"line":58,"column":30},"end":{"line":62,"column":3}}},"5":{"name":"(anonymous_6)","decl":{"start":{"line":59,"column":34},"end":{"line":59,"column":35}},"loc":{"start":{"line":59,"column":45},"end":{"line":59,"column":74}}},"6":{"name":"(anonymous_7)","decl":{"start":{"line":64,"column":2},"end":{"line":64,"column":16}},"loc":{"start":{"line":64,"column":35},"end":{"line":68,"column":3}}},"7":{"name":"(anonymous_8)","decl":{"start":{"line":65,"column":34},"end":{"line":65,"column":39}},"loc":{"start":{"line":65,"column":43},"end":{"line":65,"column":72}}},"8":{"name":"(anonymous_9)","decl":{"start":{"line":70,"column":2},"end":{"line":70,"column":23}},"loc":{"start":{"line":70,"column":54},"end":{"line":132,"column":3}}},"9":{"name":"(anonymous_10)","decl":{"start":{"line":134,"column":2},"end":{"line":134,"column":11}},"loc":{"start":{"line":134,"column":56},"end":{"line":138,"column":3}}},"10":{"name":"(anonymous_11)","decl":{"start":{"line":136,"column":44},"end":{"line":136,"column":49}},"loc":{"start":{"line":136,"column":53},"end":{"line":136,"column":77}}},"11":{"name":"(anonymous_12)","decl":{"start":{"line":137,"column":30},"end":{"line":137,"column":37}},"loc":{"start":{"line":137,"column":41},"end":{"line":137,"column":119}}},"12":{"name":"(anonymous_13)","decl":{"start":{"line":140,"column":2},"end":{"line":140,"column":6}},"loc":{"start":{"line":140,"column":37},"end":{"line":145,"column":3}}}},"branchMap":{"0":{"loc":{"start":{"line":29,"column":8},"end":{"line":35,"column":null}},"type":"if","locations":[{"start":{"line":29,"column":8},"end":{"line":35,"column":null}},{"start":{"line":32,"column":15},"end":{"line":35,"column":null}}]},"1":{"loc":{"start":{"line":32,"column":15},"end":{"line":35,"column":null}},"type":"if","locations":[{"start":{"line":32,"column":15},"end":{"line":35,"column":null}}]},"2":{"loc":{"start":{"line":41,"column":4},"end":{"line":55,"column":null}},"type":"if","locations":[{"start":{"line":41,"column":4},"end":{"line":55,"column":null}},{"start":{"line":53,"column":11},"end":{"line":55,"column":null}}]},"3":{"loc":{"start":{"line":41,"column":8},"end":{"line":41,"column":30}},"type":"binary-expr","locations":[{"start":{"line":41,"column":8},"end":{"line":41,"column":17}},{"start":{"line":41,"column":21},"end":{"line":41,"column":30}}]},"4":{"loc":{"start":{"line":42,"column":6},"end":{"line":52,"column":null}},"type":"if","locations":[{"start":{"line":42,"column":6},"end":{"line":52,"column":null}},{"start":{"line":44,"column":13},"end":{"line":52,"column":null}}]},"5":{"loc":{"start":{"line":42,"column":10},"end":{"line":42,"column":32}},"type":"binary-expr","locations":[{"start":{"line":42,"column":10},"end":{"line":42,"column":19}},{"start":{"line":42,"column":23},"end":{"line":42,"column":32}}]},"6":{"loc":{"start":{"line":44,"column":13},"end":{"line":52,"column":null}},"type":"if","locations":[{"start":{"line":44,"column":13},"end":{"line":52,"column":null}},{"start":{"line":46,"column":13},"end":{"line":52,"column":null}}]},"7":{"loc":{"start":{"line":44,"column":17},"end":{"line":44,"column":39}},"type":"binary-expr","locations":[{"start":{"line":44,"column":17},"end":{"line":44,"column":26}},{"start":{"line":44,"column":30},"end":{"line":44,"column":39}}]},"8":{"loc":{"start":{"line":46,"column":13},"end":{"line":52,"column":null}},"type":"if","locations":[{"start":{"line":46,"column":13},"end":{"line":52,"column":null}},{"start":{"line":48,"column":13},"end":{"line":52,"column":null}}]},"9":{"loc":{"start":{"line":46,"column":17},"end":{"line":46,"column":39}},"type":"binary-expr","locations":[{"start":{"line":46,"column":17},"end":{"line":46,"column":26}},{"start":{"line":46,"column":30},"end":{"line":46,"column":39}}]},"10":{"loc":{"start":{"line":48,"column":13},"end":{"line":52,"column":null}},"type":"if","locations":[{"start":{"line":48,"column":13},"end":{"line":52,"column":null}},{"start":{"line":50,"column":13},"end":{"line":52,"column":null}}]},"11":{"loc":{"start":{"line":53,"column":11},"end":{"line":55,"column":null}},"type":"if","locations":[{"start":{"line":53,"column":11},"end":{"line":55,"column":null}}]},"12":{"loc":{"start":{"line":53,"column":15},"end":{"line":53,"column":37}},"type":"binary-expr","locations":[{"start":{"line":53,"column":15},"end":{"line":53,"column":24}},{"start":{"line":53,"column":28},"end":{"line":53,"column":37}}]},"13":{"loc":{"start":{"line":60,"column":4},"end":{"line":60,"column":42}},"type":"if","locations":[{"start":{"line":60,"column":4},"end":{"line":60,"column":42}}]},"14":{"loc":{"start":{"line":66,"column":4},"end":{"line":66,"column":28}},"type":"if","locations":[{"start":{"line":66,"column":4},"end":{"line":66,"column":28}}]},"15":{"loc":{"start":{"line":75,"column":34},"end":{"line":75,"column":86}},"type":"cond-expr","locations":[{"start":{"line":75,"column":55},"end":{"line":75,"column":57}},{"start":{"line":75,"column":60},"end":{"line":75,"column":86}}]},"16":{"loc":{"start":{"line":75,"column":60},"end":{"line":75,"column":86}},"type":"cond-expr","locations":[{"start":{"line":75,"column":81},"end":{"line":75,"column":82}},{"start":{"line":75,"column":85},"end":{"line":75,"column":86}}]},"17":{"loc":{"start":{"line":76,"column":34},"end":{"line":76,"column":86}},"type":"cond-expr","locations":[{"start":{"line":76,"column":55},"end":{"line":76,"column":57}},{"start":{"line":76,"column":60},"end":{"line":76,"column":86}}]},"18":{"loc":{"start":{"line":76,"column":60},"end":{"line":76,"column":86}},"type":"cond-expr","locations":[{"start":{"line":76,"column":81},"end":{"line":76,"column":82}},{"start":{"line":76,"column":85},"end":{"line":76,"column":86}}]},"19":{"loc":{"start":{"line":77,"column":24},"end":{"line":77,"column":105}},"type":"cond-expr","locations":[{"start":{"line":77,"column":68},"end":{"line":77,"column":85}},{"start":{"line":77,"column":88},"end":{"line":77,"column":105}}]},"20":{"loc":{"start":{"line":85,"column":6},"end":{"line":85,"column":69}},"type":"if","locations":[{"start":{"line":85,"column":6},"end":{"line":85,"column":69}}]},"21":{"loc":{"start":{"line":137,"column":41},"end":{"line":137,"column":119}},"type":"binary-expr","locations":[{"start":{"line":137,"column":41},"end":{"line":137,"column":63}},{"start":{"line":137,"column":67},"end":{"line":137,"column":91}},{"start":{"line":137,"column":95},"end":{"line":137,"column":119}}]},"22":{"loc":{"start":{"line":142,"column":4},"end":{"line":142,"column":77}},"type":"if","locations":[{"start":{"line":142,"column":4},"end":{"line":142,"column":77}}]},"23":{"loc":{"start":{"line":143,"column":4},"end":{"line":143,"column":null}},"type":"if","locations":[{"start":{"line":143,"column":4},"end":{"line":143,"column":null}}]}},"s":{"0":1,"1":1,"2":1,"3":1,"4":1,"5":1,"6":1,"7":1,"8":1,"9":1,"10":0,"11":1,"12":1,"13":1,"14":8,"15":8,"16":64,"17":16,"18":16,"19":48,"20":16,"21":16,"22":32,"23":16,"24":4,"25":12,"26":4,"27":8,"28":4,"29":4,"30":2,"31":2,"32":16,"33":16,"34":2,"35":24,"36":2,"37":0,"38":2,"39":0,"40":0,"41":0,"42":0,"43":0,"44":0,"45":0,"46":0,"47":0,"48":0,"49":0,"50":0,"51":0,"52":0,"53":0,"54":0,"55":0,"56":0,"57":0,"58":1,"59":1,"60":32,"61":1,"62":16,"63":1,"64":1,"65":1,"66":0,"67":0,"68":0,"69":1},"f":{"0":1,"1":0,"2":1,"3":32,"4":2,"5":24,"6":0,"7":0,"8":0,"9":1,"10":32,"11":16,"12":1},"b":{"0":[16,48],"1":[16],"2":[16,16],"3":[32,24],"4":[4,12],"5":[16,14],"6":[4,8],"7":[12,10],"8":[4,4],"9":[8,6],"10":[2,2],"11":[16],"12":[16,8],"13":[0],"14":[0],"15":[0,0],"16":[0,0],"17":[0,0],"18":[0,0],"19":[0,0],"20":[0],"21":[16,1,1],"22":[1],"23":[0]}}
,"C:\\Users\\Juan Martin Garcia\\Documents\\Juan\\JalaSoft\\DEV-Bootcamp-Backend\\chess\\src\\domain\\game.ts": {"path":"C:\\Users\\Juan Martin Garcia\\Documents\\Juan\\JalaSoft\\DEV-Bootcamp-Backend\\chess\\src\\domain\\game.ts","statementMap":{"0":{"start":{"line":2,"column":0},"end":{"line":2,"column":30}},"1":{"start":{"line":5,"column":0},"end":{"line":5,"column":51}},"2":{"start":{"line":13,"column":22},"end":{"line":13,"column":34}},"3":{"start":{"line":14,"column":4},"end":{"line":14,"column":null}},"4":{"start":{"line":18,"column":4},"end":{"line":18,"column":22}},"5":{"start":{"line":22,"column":4},"end":{"line":22,"column":23}},"6":{"start":{"line":26,"column":4},"end":{"line":34,"column":null}},"7":{"start":{"line":38,"column":4},"end":{"line":44,"column":null}},"8":{"start":{"line":39,"column":6},"end":{"line":39,"column":26}},"9":{"start":{"line":40,"column":6},"end":{"line":40,"column":42}},"10":{"start":{"line":42,"column":6},"end":{"line":42,"column":26}},"11":{"start":{"line":43,"column":6},"end":{"line":43,"column":42}},"12":{"start":{"line":48,"column":4},"end":{"line":48,"column":46}},"13":{"start":{"line":49,"column":4},"end":{"line":49,"column":45}},"14":{"start":{"line":50,"column":4},"end":{"line":50,"column":24}},"15":{"start":{"line":51,"column":4},"end":{"line":51,"column":25}},"16":{"start":{"line":55,"column":4},"end":{"line":61,"column":null}},"17":{"start":{"line":56,"column":6},"end":{"line":56,"column":73}},"18":{"start":{"line":56,"column":49},"end":{"line":56,"column":73}},"19":{"start":{"line":57,"column":6},"end":{"line":57,"column":34}},"20":{"start":{"line":58,"column":6},"end":{"line":58,"column":24}},"21":{"start":{"line":59,"column":6},"end":{"line":59,"column":56}},"22":{"start":{"line":59,"column":33},"end":{"line":59,"column":56}},"23":{"start":{"line":60,"column":6},"end":{"line":60,"column":18}},"24":{"start":{"line":62,"column":4},"end":{"line":62,"column":17}},"25":{"start":{"line":7,"column":0},"end":{"line":7,"column":21}}},"fnMap":{"0":{"name":"(anonymous_1)","decl":{"start":{"line":13,"column":2},"end":{"line":13,"column":22}},"loc":{"start":{"line":13,"column":34},"end":{"line":15,"column":3}}},"1":{"name":"(anonymous_2)","decl":{"start":{"line":17,"column":2},"end":{"line":17,"column":6}},"loc":{"start":{"line":17,"column":14},"end":{"line":19,"column":3}}},"2":{"name":"(anonymous_3)","decl":{"start":{"line":21,"column":2},"end":{"line":21,"column":6}},"loc":{"start":{"line":21,"column":27},"end":{"line":23,"column":3}}},"3":{"name":"(anonymous_4)","decl":{"start":{"line":25,"column":2},"end":{"line":25,"column":6}},"loc":{"start":{"line":25,"column":12},"end":{"line":35,"column":3}}},"4":{"name":"(anonymous_5)","decl":{"start":{"line":37,"column":2},"end":{"line":37,"column":12}},"loc":{"start":{"line":37,"column":12},"end":{"line":45,"column":3}}},"5":{"name":"(anonymous_6)","decl":{"start":{"line":47,"column":2},"end":{"line":47,"column":13}},"loc":{"start":{"line":47,"column":13},"end":{"line":52,"column":3}}},"6":{"name":"(anonymous_7)","decl":{"start":{"line":54,"column":2},"end":{"line":54,"column":11}},"loc":{"start":{"line":54,"column":55},"end":{"line":63,"column":3}}}},"branchMap":{"0":{"loc":{"start":{"line":38,"column":4},"end":{"line":44,"column":null}},"type":"if","locations":[{"start":{"line":38,"column":4},"end":{"line":44,"column":null}},{"start":{"line":41,"column":11},"end":{"line":44,"column":null}}]},"1":{"loc":{"start":{"line":55,"column":4},"end":{"line":61,"column":null}},"type":"if","locations":[{"start":{"line":55,"column":4},"end":{"line":61,"column":null}}]},"2":{"loc":{"start":{"line":56,"column":6},"end":{"line":56,"column":73}},"type":"if","locations":[{"start":{"line":56,"column":6},"end":{"line":56,"column":73}}]},"3":{"loc":{"start":{"line":59,"column":6},"end":{"line":59,"column":56}},"type":"if","locations":[{"start":{"line":59,"column":6},"end":{"line":59,"column":56}}]}},"s":{"0":1,"1":1,"2":1,"3":1,"4":0,"5":0,"6":0,"7":0,"8":0,"9":0,"10":0,"11":0,"12":1,"13":1,"14":1,"15":1,"16":1,"17":1,"18":0,"19":1,"20":0,"21":0,"22":0,"23":0,"24":0,"25":1},"f":{"0":1,"1":0,"2":0,"3":0,"4":0,"5":1,"6":1},"b":{"0":[0,0],"1":[1],"2":[0],"3":[0]}}
,"C:\\Users\\Juan Martin Garcia\\Documents\\Juan\\JalaSoft\\DEV-Bootcamp-Backend\\chess\\src\\domain\\king.ts": {"path":"C:\\Users\\Juan Martin Garcia\\Documents\\Juan\\JalaSoft\\DEV-Bootcamp-Backend\\chess\\src\\domain\\king.ts","statementMap":{"0":{"start":{"line":1,"column":0},"end":{"line":1,"column":28}},"1":{"start":{"line":7,"column":4},"end":{"line":7,"column":27}},"2":{"start":{"line":8,"column":4},"end":{"line":8,"column":23}},"3":{"start":{"line":9,"column":4},"end":{"line":9,"column":null}},"4":{"start":{"line":12,"column":20},"end":{"line":12,"column":21}},"5":{"start":{"line":13,"column":4},"end":{"line":19,"column":6}},"6":{"start":{"line":5,"column":0},"end":{"line":5,"column":21}}},"fnMap":{"0":{"name":"(anonymous_1)","decl":{"start":{"line":6,"column":2},"end":{"line":6,"column":14}},"loc":{"start":{"line":6,"column":46},"end":{"line":10,"column":3}}},"1":{"name":"(anonymous_2)","decl":{"start":{"line":11,"column":2},"end":{"line":11,"column":11}},"loc":{"start":{"line":11,"column":30},"end":{"line":20,"column":3}}}},"branchMap":{"0":{"loc":{"start":{"line":14,"column":6},"end":{"line":18,"column":37}},"type":"binary-expr","locations":[{"start":{"line":14,"column":6},"end":{"line":14,"column":67}},{"start":{"line":15,"column":6},"end":{"line":17,"column":18}},{"start":{"line":18,"column":6},"end":{"line":18,"column":37}}]}},"s":{"0":2,"1":3,"2":3,"3":3,"4":7,"5":7,"6":2},"f":{"0":3,"1":7},"b":{"0":[7,5,5]}}
,"C:\\Users\\Juan Martin Garcia\\Documents\\Juan\\JalaSoft\\DEV-Bootcamp-Backend\\chess\\src\\domain\\knight.ts": {"path":"C:\\Users\\Juan Martin Garcia\\Documents\\Juan\\JalaSoft\\DEV-Bootcamp-Backend\\chess\\src\\domain\\knight.ts","statementMap":{"0":{"start":{"line":1,"column":0},"end":{"line":1,"column":28}},"1":{"start":{"line":7,"column":4},"end":{"line":7,"column":27}},"2":{"start":{"line":8,"column":4},"end":{"line":8,"column":25}},"3":{"start":{"line":9,"column":4},"end":{"line":9,"column":null}},"4":{"start":{"line":12,"column":35},"end":{"line":12,"column":36}},"5":{"start":{"line":13,"column":31},"end":{"line":13,"column":81}},"6":{"start":{"line":14,"column":29},"end":{"line":15,"column":null}},"7":{"start":{"line":17,"column":4},"end":{"line":17,"column":51}},"8":{"start":{"line":17,"column":38},"end":{"line":17,"column":51}},"9":{"start":{"line":18,"column":4},"end":{"line":18,"column":115}},"10":{"start":{"line":5,"column":0},"end":{"line":5,"column":21}}},"fnMap":{"0":{"name":"(anonymous_1)","decl":{"start":{"line":6,"column":2},"end":{"line":6,"column":14}},"loc":{"start":{"line":6,"column":46},"end":{"line":10,"column":3}}},"1":{"name":"(anonymous_2)","decl":{"start":{"line":11,"column":2},"end":{"line":11,"column":11}},"loc":{"start":{"line":11,"column":30},"end":{"line":19,"column":3}}}},"branchMap":{"0":{"loc":{"start":{"line":17,"column":4},"end":{"line":17,"column":51}},"type":"if","locations":[{"start":{"line":17,"column":4},"end":{"line":17,"column":51}}]}},"s":{"0":2,"1":5,"2":5,"3":5,"4":17,"5":17,"6":17,"7":17,"8":1,"9":16,"10":2},"f":{"0":5,"1":17},"b":{"0":[1]}}
,"C:\\Users\\Juan Martin Garcia\\Documents\\Juan\\JalaSoft\\DEV-Bootcamp-Backend\\chess\\src\\domain\\pawn.ts": {"path":"C:\\Users\\Juan Martin Garcia\\Documents\\Juan\\JalaSoft\\DEV-Bootcamp-Backend\\chess\\src\\domain\\pawn.ts","statementMap":{"0":{"start":{"line":1,"column":0},"end":{"line":1,"column":28}},"1":{"start":{"line":7,"column":4},"end":{"line":7,"column":27}},"2":{"start":{"line":8,"column":4},"end":{"line":8,"column":23}},"3":{"start":{"line":9,"column":4},"end":{"line":9,"column":null}},"4":{"start":{"line":12,"column":25},"end":{"line":12,"column":47}},"5":{"start":{"line":13,"column":25},"end":{"line":13,"column":47}},"6":{"start":{"line":14,"column":22},"end":{"line":14,"column":24}},"7":{"start":{"line":15,"column":22},"end":{"line":15,"column":23}},"8":{"start":{"line":16,"column":25},"end":{"line":16,"column":79}},"9":{"start":{"line":17,"column":25},"end":{"line":17,"column":83}},"10":{"start":{"line":18,"column":25},"end":{"line":18,"column":79}},"11":{"start":{"line":19,"column":25},"end":{"line":19,"column":83}},"12":{"start":{"line":21,"column":4},"end":{"line":21,"column":null}},"13":{"start":{"line":5,"column":0},"end":{"line":5,"column":21}}},"fnMap":{"0":{"name":"(anonymous_1)","decl":{"start":{"line":6,"column":2},"end":{"line":6,"column":14}},"loc":{"start":{"line":6,"column":46},"end":{"line":10,"column":3}}},"1":{"name":"(anonymous_2)","decl":{"start":{"line":11,"column":2},"end":{"line":11,"column":11}},"loc":{"start":{"line":11,"column":30},"end":{"line":22,"column":3}}}},"branchMap":{"0":{"loc":{"start":{"line":21,"column":11},"end":{"line":21,"column":111}},"type":"binary-expr","locations":[{"start":{"line":21,"column":12},"end":{"line":21,"column":24}},{"start":{"line":21,"column":29},"end":{"line":21,"column":41}},{"start":{"line":21,"column":45},"end":{"line":21,"column":57}},{"start":{"line":21,"column":64},"end":{"line":21,"column":76}},{"start":{"line":21,"column":81},"end":{"line":21,"column":93}},{"start":{"line":21,"column":97},"end":{"line":21,"column":109}}]}},"s":{"0":2,"1":18,"2":18,"3":18,"4":13,"5":13,"6":13,"7":13,"8":13,"9":13,"10":13,"11":13,"12":13,"13":2},"f":{"0":18,"1":13},"b":{"0":[13,1,1,13,0,0]}}
,"C:\\Users\\Juan Martin Garcia\\Documents\\Juan\\JalaSoft\\DEV-Bootcamp-Backend\\chess\\src\\domain\\piece.ts": {"path":"C:\\Users\\Juan Martin Garcia\\Documents\\Juan\\JalaSoft\\DEV-Bootcamp-Backend\\chess\\src\\domain\\piece.ts","statementMap":{"0":{"start":{"line":8,"column":31},"end":{"line":8,"column":43}},"1":{"start":{"line":9,"column":4},"end":{"line":9,"column":29}},"2":{"start":{"line":13,"column":4},"end":{"line":13,"column":25}},"3":{"start":{"line":17,"column":4},"end":{"line":17,"column":21}},"4":{"start":{"line":21,"column":4},"end":{"line":21,"column":22}},"5":{"start":{"line":25,"column":4},"end":{"line":25,"column":29}},"6":{"start":{"line":29,"column":4},"end":{"line":30,"column":null}},"7":{"start":{"line":4,"column":0},"end":{"line":4,"column":30}}},"fnMap":{"0":{"name":"(anonymous_0)","decl":{"start":{"line":8,"column":2},"end":{"line":8,"column":31}},"loc":{"start":{"line":8,"column":63},"end":{"line":10,"column":3}}},"1":{"name":"(anonymous_1)","decl":{"start":{"line":12,"column":2},"end":{"line":12,"column":6}},"loc":{"start":{"line":12,"column":17},"end":{"line":14,"column":3}}},"2":{"name":"(anonymous_2)","decl":{"start":{"line":16,"column":2},"end":{"line":16,"column":6}},"loc":{"start":{"line":16,"column":13},"end":{"line":18,"column":3}}},"3":{"name":"(anonymous_3)","decl":{"start":{"line":20,"column":2},"end":{"line":20,"column":6}},"loc":{"start":{"line":20,"column":14},"end":{"line":22,"column":3}}},"4":{"name":"(anonymous_4)","decl":{"start":{"line":24,"column":2},"end":{"line":24,"column":8}},"loc":{"start":{"line":24,"column":27},"end":{"line":26,"column":3}}},"5":{"name":"(anonymous_5)","decl":{"start":{"line":28,"column":2},"end":{"line":28,"column":15}},"loc":{"start":{"line":28,"column":34},"end":{"line":31,"column":3}}}},"branchMap":{"0":{"loc":{"start":{"line":29,"column":12},"end":{"line":30,"column":48}},"type":"binary-expr","locations":[{"start":{"line":29,"column":12},"end":{"line":29,"column":54}},{"start":{"line":30,"column":6},"end":{"line":30,"column":48}}]}},"s":{"0":39,"1":39,"2":0,"3":2,"4":32,"5":0,"6":79,"7":7},"f":{"0":39,"1":0,"2":2,"3":32,"4":0,"5":79},"b":{"0":[79,17]}}
,"C:\\Users\\Juan Martin Garcia\\Documents\\Juan\\JalaSoft\\DEV-Bootcamp-Backend\\chess\\src\\domain\\player.ts": {"path":"C:\\Users\\Juan Martin Garcia\\Documents\\Juan\\JalaSoft\\DEV-Bootcamp-Backend\\chess\\src\\domain\\player.ts","statementMap":{"0":{"start":{"line":5,"column":25},"end":{"line":5,"column":38}},"1":{"start":{"line":6,"column":16},"end":{"line":6,"column":30}},"2":{"start":{"line":10,"column":8},"end":{"line":10,"column":27}},"3":{"start":{"line":14,"column":8},"end":{"line":14,"column":26}},"4":{"start":{"line":18,"column":8},"end":{"line":18,"column":27}},"5":{"start":{"line":22,"column":8},"end":{"line":22,"column":33}},"6":{"start":{"line":23,"column":8},"end":{"line":23,"column":36}},"7":{"start":{"line":3,"column":0},"end":{"line":3,"column":21}}},"fnMap":{"0":{"name":"(anonymous_0)","decl":{"start":{"line":4,"column":4},"end":{"line":4,"column":null}},"loc":{"start":{"line":6,"column":30},"end":{"line":7,"column":9}}},"1":{"name":"(anonymous_1)","decl":{"start":{"line":9,"column":4},"end":{"line":9,"column":8}},"loc":{"start":{"line":9,"column":13},"end":{"line":11,"column":5}}},"2":{"name":"(anonymous_2)","decl":{"start":{"line":13,"column":4},"end":{"line":13,"column":8}},"loc":{"start":{"line":13,"column":12},"end":{"line":15,"column":5}}},"3":{"name":"(anonymous_3)","decl":{"start":{"line":17,"column":4},"end":{"line":17,"column":18}},"loc":{"start":{"line":17,"column":43},"end":{"line":19,"column":5}}},"4":{"name":"(anonymous_4)","decl":{"start":{"line":21,"column":4},"end":{"line":21,"column":12}},"loc":{"start":{"line":21,"column":27},"end":{"line":24,"column":5}}}},"branchMap":{},"s":{"0":2,"1":2,"2":0,"3":0,"4":0,"5":0,"6":0,"7":1},"f":{"0":2,"1":0,"2":0,"3":0,"4":0},"b":{}}
,"C:\\Users\\Juan Martin Garcia\\Documents\\Juan\\JalaSoft\\DEV-Bootcamp-Backend\\chess\\src\\domain\\position.ts": {"path":"C:\\Users\\Juan Martin Garcia\\Documents\\Juan\\JalaSoft\\DEV-Bootcamp-Backend\\chess\\src\\domain\\position.ts","statementMap":{"0":{"start":{"line":8,"column":42},"end":{"line":8,"column":52}},"1":{"start":{"line":9,"column":36},"end":{"line":9,"column":38}},"2":{"start":{"line":10,"column":4},"end":{"line":15,"column":23}},"3":{"start":{"line":11,"column":6},"end":{"line":13,"column":42}},"4":{"start":{"line":15,"column":6},"end":{"line":15,"column":23}},"5":{"start":{"line":19,"column":4},"end":{"line":19,"column":21}},"6":{"start":{"line":23,"column":4},"end":{"line":23,"column":21}},"7":{"start":{"line":4,"column":0},"end":{"line":4,"column":13}}},"fnMap":{"0":{"name":"(anonymous_0)","decl":{"start":{"line":8,"column":2},"end":{"line":8,"column":14}},"loc":{"start":{"line":8,"column":52},"end":{"line":16,"column":3}}},"1":{"name":"(anonymous_1)","decl":{"start":{"line":18,"column":2},"end":{"line":18,"column":6}},"loc":{"start":{"line":18,"column":13},"end":{"line":20,"column":3}}},"2":{"name":"(anonymous_2)","decl":{"start":{"line":22,"column":2},"end":{"line":22,"column":6}},"loc":{"start":{"line":22,"column":13},"end":{"line":24,"column":3}}}},"branchMap":{"0":{"loc":{"start":{"line":10,"column":4},"end":{"line":15,"column":23}},"type":"if","locations":[{"start":{"line":10,"column":4},"end":{"line":15,"column":23}},{"start":{"line":15,"column":6},"end":{"line":15,"column":23}}]},"1":{"loc":{"start":{"line":11,"column":18},"end":{"line":13,"column":41}},"type":"cond-expr","locations":[{"start":{"line":12,"column":8},"end":{"line":12,"column":59}},{"start":{"line":13,"column":8},"end":{"line":13,"column":41}}]}},"s":{"0":93,"1":93,"2":93,"3":32,"4":61,"5":280,"6":296,"7":7},"f":{"0":93,"1":280,"2":296},"b":{"0":[32,61],"1":[32,0]}}
,"C:\\Users\\Juan Martin Garcia\\Documents\\Juan\\JalaSoft\\DEV-Bootcamp-Backend\\chess\\src\\domain\\queen.ts": {"path":"C:\\Users\\Juan Martin Garcia\\Documents\\Juan\\JalaSoft\\DEV-Bootcamp-Backend\\chess\\src\\domain\\queen.ts","statementMap":{"0":{"start":{"line":1,"column":0},"end":{"line":1,"column":28}},"1":{"start":{"line":7,"column":4},"end":{"line":7,"column":27}},"2":{"start":{"line":8,"column":4},"end":{"line":8,"column":24}},"3":{"start":{"line":9,"column":4},"end":{"line":9,"column":null}},"4":{"start":{"line":13,"column":6},"end":{"line":15,"column":null}},"5":{"start":{"line":18,"column":6},"end":{"line":19,"column":76}},"6":{"start":{"line":20,"column":4},"end":{"line":20,"column":51}},"7":{"start":{"line":20,"column":38},"end":{"line":20,"column":51}},"8":{"start":{"line":21,"column":4},"end":{"line":21,"column":42}},"9":{"start":{"line":5,"column":0},"end":{"line":5,"column":21}}},"fnMap":{"0":{"name":"(anonymous_1)","decl":{"start":{"line":6,"column":2},"end":{"line":6,"column":14}},"loc":{"start":{"line":6,"column":46},"end":{"line":10,"column":3}}},"1":{"name":"(anonymous_2)","decl":{"start":{"line":11,"column":2},"end":{"line":11,"column":11}},"loc":{"start":{"line":11,"column":30},"end":{"line":22,"column":3}}}},"branchMap":{"0":{"loc":{"start":{"line":18,"column":6},"end":{"line":19,"column":76}},"type":"binary-expr","locations":[{"start":{"line":18,"column":6},"end":{"line":18,"column":48}},{"start":{"line":19,"column":6},"end":{"line":19,"column":76}}]},"1":{"loc":{"start":{"line":20,"column":4},"end":{"line":20,"column":51}},"type":"if","locations":[{"start":{"line":20,"column":4},"end":{"line":20,"column":51}}]},"2":{"loc":{"start":{"line":21,"column":11},"end":{"line":21,"column":41}},"type":"binary-expr","locations":[{"start":{"line":21,"column":11},"end":{"line":21,"column":25}},{"start":{"line":21,"column":29},"end":{"line":21,"column":41}}]}},"s":{"0":2,"1":3,"2":3,"3":3,"4":11,"5":11,"6":11,"7":1,"8":10,"9":2},"f":{"0":3,"1":11},"b":{"0":[11,9],"1":[1],"2":[10,8]}}
,"C:\\Users\\Juan Martin Garcia\\Documents\\Juan\\JalaSoft\\DEV-Bootcamp-Backend\\chess\\src\\domain\\rook.ts": {"path":"C:\\Users\\Juan Martin Garcia\\Documents\\Juan\\JalaSoft\\DEV-Bootcamp-Backend\\chess\\src\\domain\\rook.ts","statementMap":{"0":{"start":{"line":1,"column":0},"end":{"line":1,"column":28}},"1":{"start":{"line":7,"column":4},"end":{"line":7,"column":27}},"2":{"start":{"line":8,"column":4},"end":{"line":8,"column":23}},"3":{"start":{"line":9,"column":4},"end":{"line":9,"column":null}},"4":{"start":{"line":12,"column":4},"end":{"line":12,"column":51}},"5":{"start":{"line":12,"column":38},"end":{"line":12,"column":51}},"6":{"start":{"line":13,"column":4},"end":{"line":16,"column":6}},"7":{"start":{"line":5,"column":0},"end":{"line":5,"column":21}}},"fnMap":{"0":{"name":"(anonymous_1)","decl":{"start":{"line":6,"column":2},"end":{"line":6,"column":14}},"loc":{"start":{"line":6,"column":46},"end":{"line":10,"column":3}}},"1":{"name":"(anonymous_2)","decl":{"start":{"line":11,"column":2},"end":{"line":11,"column":11}},"loc":{"start":{"line":11,"column":30},"end":{"line":17,"column":3}}}},"branchMap":{"0":{"loc":{"start":{"line":12,"column":4},"end":{"line":12,"column":51}},"type":"if","locations":[{"start":{"line":12,"column":4},"end":{"line":12,"column":51}}]},"1":{"loc":{"start":{"line":14,"column":6},"end":{"line":15,"column":76}},"type":"binary-expr","locations":[{"start":{"line":14,"column":6},"end":{"line":14,"column":48}},{"start":{"line":15,"column":6},"end":{"line":15,"column":76}}]}},"s":{"0":2,"1":5,"2":5,"3":5,"4":11,"5":1,"6":10,"7":2},"f":{"0":5,"1":11},"b":{"0":[1],"1":[10,9]}}
,"C:\\Users\\Juan Martin Garcia\\Documents\\Juan\\JalaSoft\\DEV-Bootcamp-Backend\\chess\\src\\domain\\exceptions\\invalidPieceMovement.ts": {"path":"C:\\Users\\Juan Martin Garcia\\Documents\\Juan\\JalaSoft\\DEV-Bootcamp-Backend\\chess\\src\\domain\\exceptions\\invalidPieceMovement.ts","statementMap":{"0":{"start":{"line":3,"column":29},"end":{"line":3,"column":50}},"1":{"start":{"line":4,"column":8},"end":{"line":30,"column":null}},"2":{"start":{"line":6,"column":16},"end":{"line":6,"column":44}},"3":{"start":{"line":7,"column":16},"end":{"line":7,"column":83}},"4":{"start":{"line":8,"column":16},"end":{"line":8,"column":22}},"5":{"start":{"line":10,"column":16},"end":{"line":10,"column":44}},"6":{"start":{"line":11,"column":16},"end":{"line":11,"column":115}},"7":{"start":{"line":12,"column":16},"end":{"line":12,"column":22}},"8":{"start":{"line":14,"column":16},"end":{"line":14,"column":44}},"9":{"start":{"line":15,"column":16},"end":{"line":15,"column":60}},"10":{"start":{"line":16,"column":16},"end":{"line":16,"column":22}},"11":{"start":{"line":18,"column":16},"end":{"line":18,"column":44}},"12":{"start":{"line":19,"column":16},"end":{"line":19,"column":91}},"13":{"start":{"line":20,"column":16},"end":{"line":20,"column":22}},"14":{"start":{"line":22,"column":16},"end":{"line":22,"column":44}},"15":{"start":{"line":23,"column":16},"end":{"line":23,"column":103}},"16":{"start":{"line":24,"column":16},"end":{"line":24,"column":22}},"17":{"start":{"line":26,"column":16},"end":{"line":26,"column":44}},"18":{"start":{"line":27,"column":16},"end":{"line":27,"column":83}},"19":{"start":{"line":28,"column":16},"end":{"line":28,"column":22}},"20":{"start":{"line":1,"column":0},"end":{"line":1,"column":21}}},"fnMap":{"0":{"name":"(anonymous_0)","decl":{"start":{"line":2,"column":4},"end":{"line":2,"column":16}},"loc":{"start":{"line":2,"column":33},"end":{"line":31,"column":5}}}},"branchMap":{"0":{"loc":{"start":{"line":4,"column":8},"end":{"line":30,"column":null}},"type":"switch","locations":[{"start":{"line":5,"column":12},"end":{"line":8,"column":22}},{"start":{"line":9,"column":12},"end":{"line":12,"column":22}},{"start":{"line":13,"column":12},"end":{"line":16,"column":22}},{"start":{"line":17,"column":12},"end":{"line":20,"column":22}},{"start":{"line":21,"column":12},"end":{"line":24,"column":22}},{"start":{"line":25,"column":12},"end":{"line":28,"column":22}}]}},"s":{"0":1,"1":1,"2":0,"3":0,"4":0,"5":0,"6":0,"7":0,"8":0,"9":0,"10":0,"11":0,"12":0,"13":0,"14":0,"15":0,"16":0,"17":1,"18":1,"19":1,"20":1},"f":{"0":1},"b":{"0":[0,0,0,0,0,1]}}
,"C:\\Users\\Juan Martin Garcia\\Documents\\Juan\\JalaSoft\\DEV-Bootcamp-Backend\\chess\\src\\domain\\exceptions\\kingExposed.ts": {"path":"C:\\Users\\Juan Martin Garcia\\Documents\\Juan\\JalaSoft\\DEV-Bootcamp-Backend\\chess\\src\\domain\\exceptions\\kingExposed.ts","statementMap":{"0":{"start":{"line":3,"column":8},"end":{"line":3,"column":null}},"1":{"start":{"line":1,"column":0},"end":{"line":1,"column":21}}},"fnMap":{"0":{"name":"(anonymous_0)","decl":{"start":{"line":2,"column":4},"end":{"line":2,"column":null}},"loc":{"start":{"line":2,"column":4},"end":{"line":4,"column":5}}}},"branchMap":{},"s":{"0":0,"1":1},"f":{"0":0},"b":{}}
,"C:\\Users\\Juan Martin Garcia\\Documents\\Juan\\JalaSoft\\DEV-Bootcamp-Backend\\chess\\src\\domain\\exceptions\\pieceNotFound.ts": {"path":"C:\\Users\\Juan Martin Garcia\\Documents\\Juan\\JalaSoft\\DEV-Bootcamp-Backend\\chess\\src\\domain\\exceptions\\pieceNotFound.ts","statementMap":{"0":{"start":{"line":3,"column":8},"end":{"line":3,"column":null}},"1":{"start":{"line":1,"column":0},"end":{"line":1,"column":21}}},"fnMap":{"0":{"name":"(anonymous_0)","decl":{"start":{"line":2,"column":4},"end":{"line":2,"column":null}},"loc":{"start":{"line":2,"column":4},"end":{"line":4,"column":5}}}},"branchMap":{},"s":{"0":0,"1":1},"f":{"0":0},"b":{}}
}
