{"C:\\Users\\juanm\\Documents\\Juan\\JalaSoft\\Back-end\\classes\\src\\bishop.ts": {"path":"C:\\Users\\juanm\\Documents\\Juan\\JalaSoft\\Back-end\\classes\\src\\bishop.ts","statementMap":{"0":{"start":{"line":1,"column":0},"end":{"line":1,"column":28}},"1":{"start":{"line":6,"column":4},"end":{"line":10,"column":19}},"2":{"start":{"line":10,"column":6},"end":{"line":10,"column":19}},"3":{"start":{"line":11,"column":4},"end":{"line":16,"column":6}},"4":{"start":{"line":4,"column":0},"end":{"line":4,"column":21}}},"fnMap":{"0":{"name":"(anonymous_1)","decl":{"start":{"line":5,"column":2},"end":{"line":5,"column":11}},"loc":{"start":{"line":5,"column":30},"end":{"line":17,"column":3}}}},"branchMap":{"0":{"loc":{"start":{"line":6,"column":4},"end":{"line":10,"column":19}},"type":"if","locations":[{"start":{"line":6,"column":4},"end":{"line":10,"column":19}}]},"1":{"loc":{"start":{"line":7,"column":6},"end":{"line":8,"column":52}},"type":"binary-expr","locations":[{"start":{"line":7,"column":6},"end":{"line":7,"column":52}},{"start":{"line":8,"column":6},"end":{"line":8,"column":52}}]}},"s":{"0":1,"1":9,"2":1,"3":8,"4":1},"f":{"0":9},"b":{"0":[1],"1":[9,2]}}
,"C:\\Users\\juanm\\Documents\\Juan\\JalaSoft\\Back-end\\classes\\src\\king.ts": {"path":"C:\\Users\\juanm\\Documents\\Juan\\JalaSoft\\Back-end\\classes\\src\\king.ts","statementMap":{"0":{"start":{"line":1,"column":0},"end":{"line":1,"column":28}},"1":{"start":{"line":6,"column":4},"end":{"line":15,"column":6}},"2":{"start":{"line":4,"column":0},"end":{"line":4,"column":21}}},"fnMap":{"0":{"name":"(anonymous_1)","decl":{"start":{"line":5,"column":2},"end":{"line":5,"column":11}},"loc":{"start":{"line":5,"column":30},"end":{"line":16,"column":3}}}},"branchMap":{"0":{"loc":{"start":{"line":7,"column":6},"end":{"line":13,"column":null}},"type":"binary-expr","locations":[{"start":{"line":7,"column":6},"end":{"line":7,"column":65}},{"start":{"line":8,"column":6},"end":{"line":10,"column":12}},{"start":{"line":11,"column":6},"end":{"line":13,"column":null}}]},"1":{"loc":{"start":{"line":12,"column":8},"end":{"line":13,"column":53}},"type":"binary-expr","locations":[{"start":{"line":12,"column":8},"end":{"line":12,"column":53}},{"start":{"line":13,"column":8},"end":{"line":13,"column":53}}]}},"s":{"0":1,"1":6,"2":1},"f":{"0":6},"b":{"0":[6,5,5],"1":[5,3]}}
,"C:\\Users\\juanm\\Documents\\Juan\\JalaSoft\\Back-end\\classes\\src\\knight.ts": {"path":"C:\\Users\\juanm\\Documents\\Juan\\JalaSoft\\Back-end\\classes\\src\\knight.ts","statementMap":{"0":{"start":{"line":1,"column":0},"end":{"line":1,"column":28}},"1":{"start":{"line":6,"column":23},"end":{"line":6,"column":77}},"2":{"start":{"line":7,"column":21},"end":{"line":8,"column":null}},"3":{"start":{"line":10,"column":4},"end":{"line":14,"column":19}},"4":{"start":{"line":14,"column":6},"end":{"line":14,"column":19}},"5":{"start":{"line":15,"column":4},"end":{"line":15,"column":62}},"6":{"start":{"line":4,"column":0},"end":{"line":4,"column":21}}},"fnMap":{"0":{"name":"(anonymous_1)","decl":{"start":{"line":5,"column":2},"end":{"line":5,"column":11}},"loc":{"start":{"line":5,"column":30},"end":{"line":16,"column":3}}}},"branchMap":{"0":{"loc":{"start":{"line":10,"column":4},"end":{"line":14,"column":19}},"type":"if","locations":[{"start":{"line":10,"column":4},"end":{"line":14,"column":19}}]},"1":{"loc":{"start":{"line":11,"column":6},"end":{"line":12,"column":52}},"type":"binary-expr","locations":[{"start":{"line":11,"column":6},"end":{"line":11,"column":52}},{"start":{"line":12,"column":6},"end":{"line":12,"column":52}}]}},"s":{"0":1,"1":15,"2":15,"3":15,"4":1,"5":14,"6":1},"f":{"0":15},"b":{"0":[1],"1":[15,2]}}
,"C:\\Users\\juanm\\Documents\\Juan\\JalaSoft\\Back-end\\classes\\src\\piece.ts": {"path":"C:\\Users\\juanm\\Documents\\Juan\\JalaSoft\\Back-end\\classes\\src\\piece.ts","statementMap":{"0":{"start":{"line":1,"column":0},"end":{"line":1,"column":38}},"1":{"start":{"line":7,"column":25},"end":{"line":7,"column":37}},"2":{"start":{"line":11,"column":8},"end":{"line":11,"column":49}},"3":{"start":{"line":15,"column":8},"end":{"line":15,"column":33}},"4":{"start":{"line":4,"column":0},"end":{"line":4,"column":30}}},"fnMap":{"0":{"name":"(anonymous_0)","decl":{"start":{"line":6,"column":4},"end":{"line":6,"column":null}},"loc":{"start":{"line":9,"column":18},"end":{"line":12,"column":5}}},"1":{"name":"(anonymous_1)","decl":{"start":{"line":14,"column":4},"end":{"line":14,"column":10}},"loc":{"start":{"line":14,"column":29},"end":{"line":16,"column":5}}}},"branchMap":{},"s":{"0":5,"1":5,"2":5,"3":0,"4":5},"f":{"0":5,"1":0},"b":{}}
,"C:\\Users\\juanm\\Documents\\Juan\\JalaSoft\\Back-end\\classes\\src\\position.ts": {"path":"C:\\Users\\juanm\\Documents\\Juan\\JalaSoft\\Back-end\\classes\\src\\position.ts","statementMap":{"0":{"start":{"line":5,"column":16},"end":{"line":5,"column":26}},"1":{"start":{"line":6,"column":16},"end":{"line":6,"column":26}},"2":{"start":{"line":10,"column":8},"end":{"line":10,"column":25}},"3":{"start":{"line":14,"column":8},"end":{"line":14,"column":25}},"4":{"start":{"line":3,"column":0},"end":{"line":3,"column":13}}},"fnMap":{"0":{"name":"(anonymous_0)","decl":{"start":{"line":4,"column":4},"end":{"line":4,"column":null}},"loc":{"start":{"line":6,"column":26},"end":{"line":7,"column":8}}},"1":{"name":"(anonymous_1)","decl":{"start":{"line":9,"column":4},"end":{"line":9,"column":11}},"loc":{"start":{"line":9,"column":11},"end":{"line":11,"column":5}}},"2":{"name":"(anonymous_2)","decl":{"start":{"line":13,"column":4},"end":{"line":13,"column":11}},"loc":{"start":{"line":13,"column":11},"end":{"line":15,"column":5}}}},"branchMap":{},"s":{"0":53,"1":53,"2":196,"3":132,"4":5},"f":{"0":53,"1":196,"2":132},"b":{}}
,"C:\\Users\\juanm\\Documents\\Juan\\JalaSoft\\Back-end\\classes\\src\\queen.ts": {"path":"C:\\Users\\juanm\\Documents\\Juan\\JalaSoft\\Back-end\\classes\\src\\queen.ts","statementMap":{"0":{"start":{"line":1,"column":0},"end":{"line":1,"column":28}},"1":{"start":{"line":7,"column":6},"end":{"line":9,"column":null}},"2":{"start":{"line":12,"column":6},"end":{"line":14,"column":40}},"3":{"start":{"line":15,"column":4},"end":{"line":19,"column":19}},"4":{"start":{"line":19,"column":6},"end":{"line":19,"column":19}},"5":{"start":{"line":20,"column":4},"end":{"line":20,"column":26}},"6":{"start":{"line":4,"column":0},"end":{"line":4,"column":21}}},"fnMap":{"0":{"name":"(anonymous_1)","decl":{"start":{"line":5,"column":2},"end":{"line":5,"column":11}},"loc":{"start":{"line":5,"column":30},"end":{"line":21,"column":3}}}},"branchMap":{"0":{"loc":{"start":{"line":12,"column":6},"end":{"line":14,"column":40}},"type":"binary-expr","locations":[{"start":{"line":12,"column":6},"end":{"line":12,"column":52}},{"start":{"line":13,"column":6},"end":{"line":14,"column":40}}]},"1":{"loc":{"start":{"line":15,"column":4},"end":{"line":19,"column":19}},"type":"if","locations":[{"start":{"line":15,"column":4},"end":{"line":19,"column":19}}]},"2":{"loc":{"start":{"line":16,"column":6},"end":{"line":17,"column":52}},"type":"binary-expr","locations":[{"start":{"line":16,"column":6},"end":{"line":16,"column":52}},{"start":{"line":17,"column":6},"end":{"line":17,"column":52}}]},"3":{"loc":{"start":{"line":20,"column":11},"end":{"line":20,"column":25}},"type":"binary-expr","locations":[{"start":{"line":20,"column":11},"end":{"line":20,"column":17}},{"start":{"line":20,"column":21},"end":{"line":20,"column":25}}]}},"s":{"0":1,"1":9,"2":9,"3":9,"4":1,"5":8,"6":1},"f":{"0":9},"b":{"0":[9,7],"1":[1],"2":[9,2],"3":[8,6]}}
,"C:\\Users\\juanm\\Documents\\Juan\\JalaSoft\\Back-end\\classes\\src\\rook.ts": {"path":"C:\\Users\\juanm\\Documents\\Juan\\JalaSoft\\Back-end\\classes\\src\\rook.ts","statementMap":{"0":{"start":{"line":1,"column":0},"end":{"line":1,"column":28}},"1":{"start":{"line":6,"column":4},"end":{"line":10,"column":19}},"2":{"start":{"line":10,"column":6},"end":{"line":10,"column":19}},"3":{"start":{"line":11,"column":4},"end":{"line":14,"column":6}},"4":{"start":{"line":4,"column":0},"end":{"line":4,"column":21}}},"fnMap":{"0":{"name":"(anonymous_1)","decl":{"start":{"line":5,"column":2},"end":{"line":5,"column":11}},"loc":{"start":{"line":5,"column":30},"end":{"line":15,"column":3}}}},"branchMap":{"0":{"loc":{"start":{"line":6,"column":4},"end":{"line":10,"column":19}},"type":"if","locations":[{"start":{"line":6,"column":4},"end":{"line":10,"column":19}}]},"1":{"loc":{"start":{"line":7,"column":6},"end":{"line":8,"column":52}},"type":"binary-expr","locations":[{"start":{"line":7,"column":6},"end":{"line":7,"column":52}},{"start":{"line":8,"column":6},"end":{"line":8,"column":52}}]},"2":{"loc":{"start":{"line":12,"column":6},"end":{"line":13,"column":80}},"type":"binary-expr","locations":[{"start":{"line":12,"column":6},"end":{"line":12,"column":52}},{"start":{"line":13,"column":6},"end":{"line":13,"column":80}}]}},"s":{"0":1,"1":9,"2":1,"3":8,"4":1},"f":{"0":9},"b":{"0":[1],"1":[9,2],"2":[8,7]}}
}
