TN:
SF:src\domain\bishop.ts
FN:6,(anonymous_1)
FN:11,(anonymous_2)
FNF:2
FNH:2
FNDA:5,(anonymous_1)
FNDA:11,(anonymous_2)
DA:1,2
DA:5,2
DA:7,5
DA:8,5
DA:9,5
DA:12,11
DA:15,1
DA:16,10
LF:8
LH:8
BRDA:12,0,0,1
BRF:1
BRH:1
end_of_record
TN:
SF:src\domain\board.ts
FN:16,(anonymous_1)
FN:20,(anonymous_2)
FN:24,(anonymous_3)
FN:40,(anonymous_4)
FN:58,(anonymous_5)
FN:59,(anonymous_6)
FN:64,(anonymous_7)
FN:65,(anonymous_8)
FN:70,(anonymous_9)
FN:134,(anonymous_10)
FN:136,(anonymous_11)
FN:137,(anonymous_12)
FN:140,(anonymous_13)
FNF:13
FNH:9
FNDA:1,(anonymous_1)
FNDA:0,(anonymous_2)
FNDA:1,(anonymous_3)
FNDA:32,(anonymous_4)
FNDA:2,(anonymous_5)
FNDA:24,(anonymous_6)
FNDA:0,(anonymous_7)
FNDA:0,(anonymous_8)
FNDA:0,(anonymous_9)
FNDA:1,(anonymous_10)
FNDA:32,(anonymous_11)
FNDA:16,(anonymous_12)
FNDA:1,(anonymous_13)
DA:1,1
DA:2,1
DA:3,1
DA:4,1
DA:5,1
DA:6,1
DA:8,1
DA:10,1
DA:11,1
DA:13,1
DA:17,1
DA:21,0
DA:25,1
DA:27,1
DA:28,8
DA:29,64
DA:30,16
DA:31,16
DA:32,48
DA:33,16
DA:34,16
DA:41,32
DA:42,16
DA:43,4
DA:44,12
DA:45,4
DA:46,8
DA:47,4
DA:48,4
DA:49,2
DA:51,2
DA:53,16
DA:54,16
DA:59,24
DA:60,2
DA:61,2
DA:65,0
DA:66,0
DA:67,0
DA:71,0
DA:72,0
DA:73,0
DA:74,0
DA:75,0
DA:76,0
DA:77,0
DA:78,0
DA:80,0
DA:81,0
DA:85,0
DA:131,0
DA:135,1
DA:136,32
DA:137,16
DA:141,1
DA:142,1
DA:143,0
DA:144,0
LF:58
LH:40
BRDA:29,0,0,16
BRDA:29,0,1,48
BRDA:32,1,0,16
BRDA:41,2,0,16
BRDA:41,2,1,16
BRDA:41,3,0,32
BRDA:41,3,1,24
BRDA:42,4,0,4
BRDA:42,4,1,12
BRDA:42,5,0,16
BRDA:42,5,1,14
BRDA:44,6,0,4
BRDA:44,6,1,8
BRDA:44,7,0,12
BRDA:44,7,1,10
BRDA:46,8,0,4
BRDA:46,8,1,4
BRDA:46,9,0,8
BRDA:46,9,1,6
BRDA:48,10,0,2
BRDA:48,10,1,2
BRDA:53,11,0,16
BRDA:53,12,0,16
BRDA:53,12,1,8
BRDA:60,13,0,0
BRDA:66,14,0,0
BRDA:75,15,0,0
BRDA:75,15,1,0
BRDA:75,16,0,0
BRDA:75,16,1,0
BRDA:76,17,0,0
BRDA:76,17,1,0
BRDA:76,18,0,0
BRDA:76,18,1,0
BRDA:77,19,0,0
BRDA:77,19,1,0
BRDA:85,20,0,0
BRDA:137,21,0,16
BRDA:137,21,1,1
BRDA:137,21,2,1
BRDA:142,22,0,1
BRDA:143,23,0,0
BRF:42
BRH:28
end_of_record
TN:
SF:src\domain\game.ts
FN:13,(anonymous_1)
FN:17,(anonymous_2)
FN:21,(anonymous_3)
FN:25,(anonymous_4)
FN:37,(anonymous_5)
FN:47,(anonymous_6)
FN:54,(anonymous_7)
FNF:7
FNH:3
FNDA:1,(anonymous_1)
FNDA:0,(anonymous_2)
FNDA:0,(anonymous_3)
FNDA:0,(anonymous_4)
FNDA:0,(anonymous_5)
FNDA:1,(anonymous_6)
FNDA:1,(anonymous_7)
DA:2,1
DA:5,1
DA:7,1
DA:13,1
DA:14,1
DA:18,0
DA:22,0
DA:26,0
DA:38,0
DA:39,0
DA:40,0
DA:42,0
DA:43,0
DA:48,1
DA:49,1
DA:50,1
DA:51,1
DA:55,1
DA:56,1
DA:57,1
DA:58,0
DA:59,0
DA:60,0
DA:62,0
LF:24
LH:12
BRDA:38,0,0,0
BRDA:38,0,1,0
BRDA:55,1,0,1
BRDA:56,2,0,0
BRDA:59,3,0,0
BRF:5
BRH:1
end_of_record
TN:
SF:src\domain\king.ts
FN:6,(anonymous_1)
FN:11,(anonymous_2)
FNF:2
FNH:2
FNDA:3,(anonymous_1)
FNDA:7,(anonymous_2)
DA:1,2
DA:5,2
DA:7,3
DA:8,3
DA:9,3
DA:12,7
DA:13,7
LF:7
LH:7
BRDA:14,0,0,7
BRDA:14,0,1,5
BRDA:14,0,2,5
BRF:3
BRH:3
end_of_record
TN:
SF:src\domain\knight.ts
FN:6,(anonymous_1)
FN:11,(anonymous_2)
FNF:2
FNH:2
FNDA:5,(anonymous_1)
FNDA:17,(anonymous_2)
DA:1,2
DA:5,2
DA:7,5
DA:8,5
DA:9,5
DA:12,17
DA:13,17
DA:14,17
DA:17,17
DA:18,16
LF:10
LH:10
BRDA:17,0,0,1
BRF:1
BRH:1
end_of_record
TN:
SF:src\domain\pawn.ts
FN:6,(anonymous_1)
FN:11,(anonymous_2)
FNF:2
FNH:2
FNDA:18,(anonymous_1)
FNDA:13,(anonymous_2)
DA:1,2
DA:5,2
DA:7,18
DA:8,18
DA:9,18
DA:12,13
DA:13,13
DA:14,13
DA:15,13
DA:16,13
DA:17,13
DA:18,13
DA:19,13
DA:21,13
LF:14
LH:14
BRDA:21,0,0,13
BRDA:21,0,1,1
BRDA:21,0,2,1
BRDA:21,0,3,13
BRDA:21,0,4,0
BRDA:21,0,5,0
BRF:6
BRH:4
end_of_record
TN:
SF:src\domain\piece.ts
FN:8,(anonymous_0)
FN:12,(anonymous_1)
FN:16,(anonymous_2)
FN:20,(anonymous_3)
FN:24,(anonymous_4)
FN:28,(anonymous_5)
FNF:6
FNH:4
FNDA:39,(anonymous_0)
FNDA:0,(anonymous_1)
FNDA:2,(anonymous_2)
FNDA:32,(anonymous_3)
FNDA:0,(anonymous_4)
FNDA:79,(anonymous_5)
DA:4,7
DA:8,39
DA:9,39
DA:13,0
DA:17,2
DA:21,32
DA:25,0
DA:29,79
LF:8
LH:6
BRDA:29,0,0,79
BRDA:29,0,1,17
BRF:2
BRH:2
end_of_record
TN:
SF:src\domain\player.ts
FN:4,(anonymous_0)
FN:9,(anonymous_1)
FN:13,(anonymous_2)
FN:17,(anonymous_3)
FN:21,(anonymous_4)
FNF:5
FNH:1
FNDA:2,(anonymous_0)
FNDA:0,(anonymous_1)
FNDA:0,(anonymous_2)
FNDA:0,(anonymous_3)
FNDA:0,(anonymous_4)
DA:3,1
DA:5,2
DA:6,2
DA:10,0
DA:14,0
DA:18,0
DA:22,0
DA:23,0
LF:8
LH:3
BRF:0
BRH:0
end_of_record
TN:
SF:src\domain\position.ts
FN:8,(anonymous_0)
FN:18,(anonymous_1)
FN:22,(anonymous_2)
FNF:3
FNH:3
FNDA:93,(anonymous_0)
FNDA:280,(anonymous_1)
FNDA:296,(anonymous_2)
DA:4,7
DA:8,93
DA:9,93
DA:10,93
DA:11,32
DA:15,61
DA:19,280
DA:23,296
LF:8
LH:8
BRDA:10,0,0,32
BRDA:10,0,1,61
BRDA:11,1,0,32
BRDA:11,1,1,0
BRF:4
BRH:3
end_of_record
TN:
SF:src\domain\queen.ts
FN:6,(anonymous_1)
FN:11,(anonymous_2)
FNF:2
FNH:2
FNDA:3,(anonymous_1)
FNDA:11,(anonymous_2)
DA:1,2
DA:5,2
DA:7,3
DA:8,3
DA:9,3
DA:13,11
DA:18,11
DA:20,11
DA:21,10
LF:9
LH:9
BRDA:18,0,0,11
BRDA:18,0,1,9
BRDA:20,1,0,1
BRDA:21,2,0,10
BRDA:21,2,1,8
BRF:5
BRH:5
end_of_record
TN:
SF:src\domain\rook.ts
FN:6,(anonymous_1)
FN:11,(anonymous_2)
FNF:2
FNH:2
FNDA:5,(anonymous_1)
FNDA:11,(anonymous_2)
DA:1,2
DA:5,2
DA:7,5
DA:8,5
DA:9,5
DA:12,11
DA:13,10
LF:7
LH:7
BRDA:12,0,0,1
BRDA:14,1,0,10
BRDA:14,1,1,9
BRF:3
BRH:3
end_of_record
TN:
SF:src\domain\exceptions\invalidPieceMovement.ts
FN:2,(anonymous_0)
FNF:1
FNH:1
FNDA:1,(anonymous_0)
DA:1,1
DA:3,1
DA:4,1
DA:6,0
DA:7,0
DA:8,0
DA:10,0
DA:11,0
DA:12,0
DA:14,0
DA:15,0
DA:16,0
DA:18,0
DA:19,0
DA:20,0
DA:22,0
DA:23,0
DA:24,0
DA:26,1
DA:27,1
DA:28,1
LF:21
LH:6
BRDA:4,0,0,0
BRDA:4,0,1,0
BRDA:4,0,2,0
BRDA:4,0,3,0
BRDA:4,0,4,0
BRDA:4,0,5,1
BRF:6
BRH:1
end_of_record
TN:
SF:src\domain\exceptions\kingExposed.ts
FN:2,(anonymous_0)
FNF:1
FNH:0
FNDA:0,(anonymous_0)
DA:1,1
DA:3,0
LF:2
LH:1
BRF:0
BRH:0
end_of_record
TN:
SF:src\domain\exceptions\pieceNotFound.ts
FN:2,(anonymous_0)
FNF:1
FNH:0
FNDA:0,(anonymous_0)
DA:1,1
DA:3,0
LF:2
LH:1
BRF:0
BRH:0
end_of_record
