TN:
SF:src\domain\bishop.ts
FN:6,(anonymous_1)
FN:11,(anonymous_2)
FNF:2
FNH:2
FNDA:37,(anonymous_1)
FNDA:70,(anonymous_2)
DA:1,3
DA:5,3
DA:7,37
DA:8,37
DA:9,37
DA:12,70
DA:15,1
DA:16,69
LF:8
LH:8
BRDA:12,0,0,1
BRF:1
BRH:1
end_of_record
TN:
SF:src\domain\board.ts
FN:18,(anonymous_1)
FN:22,(anonymous_2)
FN:26,(anonymous_3)
FN:42,(anonymous_4)
FN:60,(anonymous_5)
FN:61,(anonymous_6)
FN:64,(anonymous_7)
FN:68,(anonymous_8)
FN:72,(anonymous_9)
FN:76,(anonymous_10)
FN:80,(anonymous_11)
FN:84,(anonymous_12)
FN:103,(anonymous_13)
FN:107,(anonymous_14)
FN:110,(anonymous_15)
FN:117,(anonymous_16)
FNF:16
FNH:15
FNDA:9,(anonymous_1)
FNDA:0,(anonymous_2)
FNDA:9,(anonymous_3)
FNDA:288,(anonymous_4)
FNDA:71,(anonymous_5)
FNDA:1127,(anonymous_6)
FNDA:14,(anonymous_7)
FNDA:28,(anonymous_8)
FNDA:28,(anonymous_9)
FNDA:28,(anonymous_10)
FNDA:28,(anonymous_11)
FNDA:28,(anonymous_12)
FNDA:29,(anonymous_13)
FNDA:928,(anonymous_14)
FNDA:460,(anonymous_15)
FNDA:28,(anonymous_16)
DA:1,2
DA:2,2
DA:3,2
DA:4,2
DA:5,2
DA:6,2
DA:8,2
DA:10,2
DA:11,2
DA:13,2
DA:15,2
DA:19,9
DA:23,0
DA:27,9
DA:29,9
DA:30,72
DA:31,576
DA:32,144
DA:33,144
DA:34,432
DA:35,144
DA:36,144
DA:43,288
DA:44,144
DA:45,36
DA:46,108
DA:47,36
DA:48,72
DA:49,36
DA:50,36
DA:51,18
DA:53,18
DA:55,144
DA:56,144
DA:61,1127
DA:65,14
DA:69,28
DA:73,28
DA:77,28
DA:81,28
DA:85,28
DA:86,28
DA:87,28
DA:91,28
DA:92,14
DA:98,14
DA:100,23
DA:104,29
DA:105,29
DA:106,29
DA:107,928
DA:109,29
DA:111,460
DA:118,28
DA:119,28
DA:120,28
DA:121,0
DA:122,28
DA:123,3
DA:124,25
LF:60
LH:58
BRDA:31,0,0,144
BRDA:31,0,1,432
BRDA:34,1,0,144
BRDA:43,2,0,144
BRDA:43,2,1,144
BRDA:43,3,0,288
BRDA:43,3,1,216
BRDA:44,4,0,36
BRDA:44,4,1,108
BRDA:44,5,0,144
BRDA:44,5,1,126
BRDA:46,6,0,36
BRDA:46,6,1,72
BRDA:46,7,0,108
BRDA:46,7,1,90
BRDA:48,8,0,36
BRDA:48,8,1,36
BRDA:48,9,0,72
BRDA:48,9,1,54
BRDA:50,10,0,18
BRDA:50,10,1,18
BRDA:55,11,0,144
BRDA:55,12,0,144
BRDA:55,12,1,72
BRDA:73,13,0,17
BRDA:73,13,1,11
BRDA:73,14,0,7
BRDA:73,14,1,4
BRDA:98,15,0,5
BRDA:105,16,0,0
BRDA:111,17,0,460
BRDA:111,17,1,23
BRDA:111,17,2,10
BRDA:119,18,0,0
BRDA:120,19,0,0
BRDA:122,20,0,3
BRDA:122,21,0,28
BRDA:122,21,1,5
BRF:38
BRH:35
end_of_record
TN:
SF:src\domain\game.ts
FN:15,(anonymous_1)
FN:19,(anonymous_2)
FN:23,(anonymous_3)
FN:27,(anonymous_4)
FN:40,(anonymous_5)
FN:50,(anonymous_6)
FN:57,(anonymous_7)
FN:61,(anonymous_8)
FN:65,(anonymous_9)
FNF:9
FNH:6
FNDA:9,(anonymous_1)
FNDA:0,(anonymous_2)
FNDA:0,(anonymous_3)
FNDA:0,(anonymous_4)
FNDA:25,(anonymous_5)
FNDA:9,(anonymous_6)
FNDA:29,(anonymous_7)
FNDA:29,(anonymous_8)
FNDA:29,(anonymous_9)
DA:2,2
DA:5,2
DA:6,2
DA:9,2
DA:15,9
DA:16,9
DA:20,0
DA:24,0
DA:28,0
DA:37,0
DA:41,25
DA:42,15
DA:43,15
DA:45,10
DA:46,10
DA:51,9
DA:52,9
DA:53,9
DA:54,9
DA:58,29
DA:62,29
DA:66,29
DA:67,29
DA:68,28
DA:69,25
DA:70,25
LF:26
LH:22
BRDA:41,0,0,15
BRDA:41,0,1,10
BRDA:58,1,0,0
BRDA:62,2,0,1
BRDA:69,3,0,6
BRF:5
BRH:4
end_of_record
TN:
SF:src\domain\king.ts
FN:6,(anonymous_1)
FN:11,(anonymous_2)
FNF:2
FNH:2
FNDA:19,(anonymous_1)
FNDA:37,(anonymous_2)
DA:1,3
DA:5,3
DA:7,19
DA:8,19
DA:9,19
DA:12,37
DA:13,37
LF:7
LH:7
BRDA:14,0,0,37
BRDA:14,0,1,8
BRDA:14,0,2,8
BRF:3
BRH:3
end_of_record
TN:
SF:src\domain\knight.ts
FN:6,(anonymous_1)
FN:11,(anonymous_2)
FNF:2
FNH:2
FNDA:37,(anonymous_1)
FNDA:76,(anonymous_2)
DA:1,3
DA:5,3
DA:7,37
DA:8,37
DA:9,37
DA:12,76
DA:13,76
DA:14,76
DA:17,76
DA:18,75
LF:10
LH:10
BRDA:17,0,0,1
BRF:1
BRH:1
end_of_record
TN:
SF:src\domain\movement.ts
FN:4,(anonymous_0)
FN:6,(anonymous_1)
FN:10,(anonymous_2)
FN:14,(anonymous_3)
FN:18,(anonymous_4)
FN:22,(anonymous_5)
FN:26,(anonymous_6)
FN:30,(anonymous_7)
FN:34,(anonymous_8)
FNF:9
FNH:7
FNDA:29,(anonymous_0)
FNDA:80,(anonymous_1)
FNDA:513,(anonymous_2)
FNDA:0,(anonymous_3)
FNDA:42,(anonymous_4)
FNDA:0,(anonymous_5)
FNDA:28,(anonymous_6)
FNDA:42,(anonymous_7)
FNDA:28,(anonymous_8)
DA:3,2
DA:4,29
DA:7,80
DA:11,513
DA:15,0
DA:19,42
DA:23,0
DA:27,28
DA:31,42
DA:35,28
LF:10
LH:8
BRF:0
BRH:0
end_of_record
TN:
SF:src\domain\pawn.ts
FN:6,(anonymous_1)
FN:11,(anonymous_2)
FNF:2
FNH:2
FNDA:146,(anonymous_1)
FNDA:257,(anonymous_2)
DA:1,3
DA:5,3
DA:7,146
DA:8,146
DA:9,146
DA:12,257
DA:13,257
DA:14,257
DA:16,257
DA:18,257
DA:20,257
DA:22,257
DA:24,257
LF:13
LH:13
BRDA:14,0,0,163
BRDA:14,0,1,94
BRDA:25,1,0,257
BRDA:25,1,1,50
BRDA:25,1,2,34
BRDA:25,1,3,19
BRDA:25,1,4,33
BRDA:25,1,5,33
BRDA:25,1,6,11
BRF:9
BRH:9
end_of_record
TN:
SF:src\domain\piece.ts
FN:8,(anonymous_0)
FN:12,(anonymous_1)
FN:16,(anonymous_2)
FN:20,(anonymous_3)
FN:24,(anonymous_4)
FN:28,(anonymous_5)
FNF:6
FNH:5
FNDA:295,(anonymous_0)
FNDA:0,(anonymous_1)
FNDA:15,(anonymous_2)
FNDA:1185,(anonymous_3)
FNDA:25,(anonymous_4)
FNDA:1408,(anonymous_5)
DA:4,8
DA:8,295
DA:9,295
DA:13,0
DA:17,15
DA:21,1185
DA:25,25
DA:29,1408
LF:8
LH:7
BRDA:29,0,0,1408
BRDA:29,0,1,220
BRF:2
BRH:2
end_of_record
TN:
SF:src\domain\player.ts
FN:4,(anonymous_0)
FN:9,(anonymous_1)
FN:13,(anonymous_2)
FN:17,(anonymous_3)
FN:21,(anonymous_4)
FNF:5
FNH:2
FNDA:18,(anonymous_0)
FNDA:0,(anonymous_1)
FNDA:0,(anonymous_2)
FNDA:0,(anonymous_3)
FNDA:25,(anonymous_4)
DA:3,2
DA:5,18
DA:6,18
DA:10,0
DA:14,0
DA:18,0
DA:22,25
DA:23,25
LF:8
LH:5
BRF:0
BRH:0
end_of_record
TN:
SF:src\domain\position.ts
FN:8,(anonymous_0)
FN:18,(anonymous_1)
FN:22,(anonymous_2)
FNF:3
FNH:3
FNDA:423,(anonymous_0)
FNDA:4054,(anonymous_1)
FNDA:3798,(anonymous_2)
DA:4,8
DA:8,423
DA:9,423
DA:10,423
DA:11,302
DA:15,121
DA:19,4054
DA:23,3798
LF:8
LH:8
BRDA:10,0,0,302
BRDA:10,0,1,121
BRDA:11,1,0,288
BRDA:11,1,1,14
BRF:4
BRH:4
end_of_record
TN:
SF:src\domain\queen.ts
FN:6,(anonymous_1)
FN:11,(anonymous_2)
FNF:2
FNH:2
FNDA:19,(anonymous_1)
FNDA:51,(anonymous_2)
DA:1,3
DA:5,3
DA:7,19
DA:8,19
DA:9,19
DA:13,51
DA:18,51
DA:20,51
DA:21,50
LF:9
LH:9
BRDA:18,0,0,51
BRDA:18,0,1,49
BRDA:20,1,0,1
BRDA:21,2,0,50
BRDA:21,2,1,40
BRF:5
BRH:5
end_of_record
TN:
SF:src\domain\rook.ts
FN:6,(anonymous_1)
FN:11,(anonymous_2)
FNF:2
FNH:2
FNDA:37,(anonymous_1)
FNDA:76,(anonymous_2)
DA:1,3
DA:5,3
DA:7,37
DA:8,37
DA:9,37
DA:12,76
DA:13,75
LF:7
LH:7
BRDA:12,0,0,1
BRDA:14,1,0,75
BRDA:14,1,1,74
BRF:3
BRH:3
end_of_record
TN:
SF:src\domain\exceptions\blockingPiece.ts
FN:2,(anonymous_0)
FNF:1
FNH:1
FNDA:3,(anonymous_0)
DA:1,2
DA:3,3
LF:2
LH:2
BRF:0
BRH:0
end_of_record
TN:
SF:src\domain\exceptions\invalidPieceMovement.ts
FN:2,(anonymous_0)
FNF:1
FNH:0
FNDA:0,(anonymous_0)
DA:1,2
DA:3,0
DA:4,0
DA:6,0
DA:7,0
DA:8,0
DA:10,0
DA:11,0
DA:12,0
DA:14,0
DA:15,0
DA:16,0
DA:18,0
DA:19,0
DA:20,0
DA:22,0
DA:23,0
DA:24,0
DA:26,0
DA:27,0
DA:28,0
LF:21
LH:1
BRDA:4,0,0,0
BRDA:4,0,1,0
BRDA:4,0,2,0
BRDA:4,0,3,0
BRDA:4,0,4,0
BRDA:4,0,5,0
BRF:6
BRH:0
end_of_record
TN:
SF:src\domain\exceptions\invalidTurn.ts
FN:2,(anonymous_0)
FNF:1
FNH:0
FNDA:0,(anonymous_0)
DA:1,2
DA:3,0
LF:2
LH:1
BRF:0
BRH:0
end_of_record
TN:
SF:src\domain\exceptions\kingExposed.ts
FN:2,(anonymous_0)
FNF:1
FNH:1
FNDA:1,(anonymous_0)
DA:1,2
DA:3,1
LF:2
LH:2
BRF:0
BRH:0
end_of_record
TN:
SF:src\domain\exceptions\pieceNotFound.ts
FN:2,(anonymous_0)
FNF:1
FNH:0
FNDA:0,(anonymous_0)
DA:1,2
DA:3,0
LF:2
LH:1
BRF:0
BRH:0
end_of_record
