<?xml version="1.0" encoding="UTF-8"?>
<coverage generated="1650998493852" clover="3.2.0">
  <project timestamp="1650998493853" name="All files">
    <metrics statements="13" coveredstatements="12" conditionals="5" coveredconditionals="5" methods="6" coveredmethods="5" elements="24" coveredelements="22" complexity="0" loc="13" ncloc="13" packages="1" files="3" classes="3"/>
    <file name="king.ts" path="/mnt/c/Users/juanm/Documents/Juan/JalaSoft/Back-end/classes/src/king.ts">
      <metrics statements="3" coveredstatements="3" conditionals="5" coveredconditionals="5" methods="1" coveredmethods="1"/>
      <line num="1" count="1" type="stmt"/>
      <line num="4" count="1" type="stmt"/>
      <line num="6" count="4" type="stmt"/>
    </file>
    <file name="piece.ts" path="/mnt/c/Users/juanm/Documents/Juan/JalaSoft/Back-end/classes/src/piece.ts">
      <metrics statements="5" coveredstatements="4" conditionals="0" coveredconditionals="0" methods="2" coveredmethods="1"/>
      <line num="1" count="1" type="stmt"/>
      <line num="4" count="1" type="stmt"/>
      <line num="7" count="4" type="stmt"/>
      <line num="11" count="4" type="stmt"/>
      <line num="15" count="0" type="stmt"/>
    </file>
    <file name="position.ts" path="/mnt/c/Users/juanm/Documents/Juan/JalaSoft/Back-end/classes/src/position.ts">
      <metrics statements="5" coveredstatements="5" conditionals="0" coveredconditionals="0" methods="3" coveredmethods="3"/>
      <line num="3" count="1" type="stmt"/>
      <line num="5" count="8" type="stmt"/>
      <line num="6" count="8" type="stmt"/>
      <line num="10" count="12" type="stmt"/>
      <line num="14" count="12" type="stmt"/>
    </file>
  </project>
</coverage>
