<?xml version="1.0" encoding="UTF-8"?>
<coverage generated="1651035465659" clover="3.2.0">
  <project timestamp="1651035465659" name="All files">
    <metrics statements="37" coveredstatements="36" conditionals="23" coveredconditionals="23" methods="10" coveredmethods="9" elements="70" coveredelements="68" complexity="0" loc="37" ncloc="37" packages="1" files="7" classes="7"/>
    <file name="bishop.ts" path="C:\Users\juanm\Documents\Juan\JalaSoft\Back-end\classes\src\bishop.ts">
      <metrics statements="5" coveredstatements="5" conditionals="3" coveredconditionals="3" methods="1" coveredmethods="1"/>
      <line num="1" count="1" type="stmt"/>
      <line num="4" count="1" type="stmt"/>
      <line num="6" count="9" type="cond" truecount="1" falsecount="0"/>
      <line num="10" count="1" type="stmt"/>
      <line num="11" count="8" type="stmt"/>
    </file>
    <file name="king.ts" path="C:\Users\juanm\Documents\Juan\JalaSoft\Back-end\classes\src\king.ts">
      <metrics statements="3" coveredstatements="3" conditionals="5" coveredconditionals="5" methods="1" coveredmethods="1"/>
      <line num="1" count="1" type="stmt"/>
      <line num="4" count="1" type="stmt"/>
      <line num="6" count="6" type="stmt"/>
    </file>
    <file name="knight.ts" path="C:\Users\juanm\Documents\Juan\JalaSoft\Back-end\classes\src\knight.ts">
      <metrics statements="7" coveredstatements="7" conditionals="3" coveredconditionals="3" methods="1" coveredmethods="1"/>
      <line num="1" count="1" type="stmt"/>
      <line num="4" count="1" type="stmt"/>
      <line num="6" count="15" type="stmt"/>
      <line num="7" count="15" type="stmt"/>
      <line num="10" count="15" type="cond" truecount="1" falsecount="0"/>
      <line num="14" count="1" type="stmt"/>
      <line num="15" count="14" type="stmt"/>
    </file>
    <file name="piece.ts" path="C:\Users\juanm\Documents\Juan\JalaSoft\Back-end\classes\src\piece.ts">
      <metrics statements="5" coveredstatements="4" conditionals="0" coveredconditionals="0" methods="2" coveredmethods="1"/>
      <line num="1" count="5" type="stmt"/>
      <line num="4" count="5" type="stmt"/>
      <line num="7" count="5" type="stmt"/>
      <line num="11" count="5" type="stmt"/>
      <line num="15" count="0" type="stmt"/>
    </file>
    <file name="position.ts" path="C:\Users\juanm\Documents\Juan\JalaSoft\Back-end\classes\src\position.ts">
      <metrics statements="5" coveredstatements="5" conditionals="0" coveredconditionals="0" methods="3" coveredmethods="3"/>
      <line num="3" count="5" type="stmt"/>
      <line num="5" count="53" type="stmt"/>
      <line num="6" count="53" type="stmt"/>
      <line num="10" count="196" type="stmt"/>
      <line num="14" count="132" type="stmt"/>
    </file>
    <file name="queen.ts" path="C:\Users\juanm\Documents\Juan\JalaSoft\Back-end\classes\src\queen.ts">
      <metrics statements="7" coveredstatements="7" conditionals="7" coveredconditionals="7" methods="1" coveredmethods="1"/>
      <line num="1" count="1" type="stmt"/>
      <line num="4" count="1" type="stmt"/>
      <line num="7" count="9" type="stmt"/>
      <line num="12" count="9" type="cond" truecount="2" falsecount="0"/>
      <line num="15" count="9" type="cond" truecount="1" falsecount="0"/>
      <line num="19" count="1" type="stmt"/>
      <line num="20" count="8" type="cond" truecount="2" falsecount="0"/>
    </file>
    <file name="rook.ts" path="C:\Users\juanm\Documents\Juan\JalaSoft\Back-end\classes\src\rook.ts">
      <metrics statements="5" coveredstatements="5" conditionals="5" coveredconditionals="5" methods="1" coveredmethods="1"/>
      <line num="1" count="1" type="stmt"/>
      <line num="4" count="1" type="stmt"/>
      <line num="6" count="9" type="cond" truecount="1" falsecount="0"/>
      <line num="10" count="1" type="stmt"/>
      <line num="11" count="8" type="stmt"/>
    </file>
  </project>
</coverage>
