{"/mnt/c/Users/juanm/Documents/Juan/JalaSoft/Back-end/classes/src/king.ts": {"path":"/mnt/c/Users/juanm/Documents/Juan/JalaSoft/Back-end/classes/src/king.ts","statementMap":{"0":{"start":{"line":1,"column":0},"end":{"line":1,"column":28}},"1":{"start":{"line":6,"column":4},"end":{"line":15,"column":6}},"2":{"start":{"line":4,"column":0},"end":{"line":4,"column":21}}},"fnMap":{"0":{"name":"(anonymous_1)","decl":{"start":{"line":5,"column":2},"end":{"line":5,"column":11}},"loc":{"start":{"line":5,"column":30},"end":{"line":16,"column":3}}}},"branchMap":{"0":{"loc":{"start":{"line":7,"column":6},"end":{"line":13,"column":null}},"type":"binary-expr","locations":[{"start":{"line":7,"column":6},"end":{"line":7,"column":65}},{"start":{"line":8,"column":6},"end":{"line":10,"column":12}},{"start":{"line":11,"column":6},"end":{"line":13,"column":null}}]},"1":{"loc":{"start":{"line":12,"column":8},"end":{"line":13,"column":53}},"type":"binary-expr","locations":[{"start":{"line":12,"column":8},"end":{"line":12,"column":53}},{"start":{"line":13,"column":8},"end":{"line":13,"column":53}}]}},"s":{"0":1,"1":4,"2":1},"f":{"0":4},"b":{"0":[4,3,3],"1":[3,2]}}
,"/mnt/c/Users/juanm/Documents/Juan/JalaSoft/Back-end/classes/src/piece.ts": {"path":"/mnt/c/Users/juanm/Documents/Juan/JalaSoft/Back-end/classes/src/piece.ts","statementMap":{"0":{"start":{"line":1,"column":0},"end":{"line":1,"column":38}},"1":{"start":{"line":7,"column":25},"end":{"line":7,"column":37}},"2":{"start":{"line":11,"column":8},"end":{"line":11,"column":49}},"3":{"start":{"line":15,"column":8},"end":{"line":15,"column":33}},"4":{"start":{"line":4,"column":0},"end":{"line":4,"column":30}}},"fnMap":{"0":{"name":"(anonymous_0)","decl":{"start":{"line":6,"column":4},"end":{"line":6,"column":null}},"loc":{"start":{"line":9,"column":18},"end":{"line":12,"column":5}}},"1":{"name":"(anonymous_1)","decl":{"start":{"line":14,"column":4},"end":{"line":14,"column":10}},"loc":{"start":{"line":14,"column":29},"end":{"line":16,"column":5}}}},"branchMap":{},"s":{"0":1,"1":4,"2":4,"3":0,"4":1},"f":{"0":4,"1":0},"b":{}}
,"/mnt/c/Users/juanm/Documents/Juan/JalaSoft/Back-end/classes/src/position.ts": {"path":"/mnt/c/Users/juanm/Documents/Juan/JalaSoft/Back-end/classes/src/position.ts","statementMap":{"0":{"start":{"line":5,"column":16},"end":{"line":5,"column":26}},"1":{"start":{"line":6,"column":16},"end":{"line":6,"column":26}},"2":{"start":{"line":10,"column":8},"end":{"line":10,"column":25}},"3":{"start":{"line":14,"column":8},"end":{"line":14,"column":25}},"4":{"start":{"line":3,"column":0},"end":{"line":3,"column":13}}},"fnMap":{"0":{"name":"(anonymous_0)","decl":{"start":{"line":4,"column":4},"end":{"line":4,"column":null}},"loc":{"start":{"line":6,"column":26},"end":{"line":7,"column":8}}},"1":{"name":"(anonymous_1)","decl":{"start":{"line":9,"column":4},"end":{"line":9,"column":11}},"loc":{"start":{"line":9,"column":11},"end":{"line":11,"column":5}}},"2":{"name":"(anonymous_2)","decl":{"start":{"line":13,"column":4},"end":{"line":13,"column":11}},"loc":{"start":{"line":13,"column":11},"end":{"line":15,"column":5}}}},"branchMap":{},"s":{"0":8,"1":8,"2":12,"3":12,"4":1},"f":{"0":8,"1":12,"2":12},"b":{}}
}
