TN:
SF:src/king.ts
FN:5,(anonymous_1)
FNF:1
FNH:1
FNDA:4,(anonymous_1)
DA:1,1
DA:4,1
DA:6,4
LF:3
LH:3
BRDA:7,0,0,4
BRDA:7,0,1,3
BRDA:7,0,2,3
BRDA:12,1,0,3
BRDA:12,1,1,2
BRF:5
BRH:5
end_of_record
TN:
SF:src/piece.ts
FN:6,(anonymous_0)
FN:14,(anonymous_1)
FNF:2
FNH:1
FNDA:4,(anonymous_0)
FNDA:0,(anonymous_1)
DA:1,1
DA:4,1
DA:7,4
DA:11,4
DA:15,0
LF:5
LH:4
BRF:0
BRH:0
end_of_record
TN:
SF:src/position.ts
FN:4,(anonymous_0)
FN:9,(anonymous_1)
FN:13,(anonymous_2)
FNF:3
FNH:3
FNDA:8,(anonymous_0)
FNDA:12,(anonymous_1)
FNDA:12,(anonymous_2)
DA:3,1
DA:5,8
DA:6,8
DA:10,12
DA:14,12
LF:5
LH:5
BRF:0
BRH:0
end_of_record
