TN:
SF:src\bishop.ts
FN:5,(anonymous_1)
FNF:1
FNH:1
FNDA:9,(anonymous_1)
DA:1,1
DA:4,1
DA:6,9
DA:10,1
DA:11,8
LF:5
LH:5
BRDA:6,0,0,1
BRDA:7,1,0,9
BRDA:7,1,1,2
BRF:3
BRH:3
end_of_record
TN:
SF:src\king.ts
FN:5,(anonymous_1)
FNF:1
FNH:1
FNDA:6,(anonymous_1)
DA:1,1
DA:4,1
DA:6,6
LF:3
LH:3
BRDA:7,0,0,6
BRDA:7,0,1,5
BRDA:7,0,2,5
BRDA:12,1,0,5
BRDA:12,1,1,3
BRF:5
BRH:5
end_of_record
TN:
SF:src\knight.ts
FN:5,(anonymous_1)
FNF:1
FNH:1
FNDA:15,(anonymous_1)
DA:1,1
DA:4,1
DA:6,15
DA:7,15
DA:10,15
DA:14,1
DA:15,14
LF:7
LH:7
BRDA:10,0,0,1
BRDA:11,1,0,15
BRDA:11,1,1,2
BRF:3
BRH:3
end_of_record
TN:
SF:src\piece.ts
FN:6,(anonymous_0)
FN:14,(anonymous_1)
FNF:2
FNH:1
FNDA:5,(anonymous_0)
FNDA:0,(anonymous_1)
DA:1,5
DA:4,5
DA:7,5
DA:11,5
DA:15,0
LF:5
LH:4
BRF:0
BRH:0
end_of_record
TN:
SF:src\position.ts
FN:4,(anonymous_0)
FN:9,(anonymous_1)
FN:13,(anonymous_2)
FNF:3
FNH:3
FNDA:53,(anonymous_0)
FNDA:196,(anonymous_1)
FNDA:132,(anonymous_2)
DA:3,5
DA:5,53
DA:6,53
DA:10,196
DA:14,132
LF:5
LH:5
BRF:0
BRH:0
end_of_record
TN:
SF:src\queen.ts
FN:5,(anonymous_1)
FNF:1
FNH:1
FNDA:9,(anonymous_1)
DA:1,1
DA:4,1
DA:7,9
DA:12,9
DA:15,9
DA:19,1
DA:20,8
LF:7
LH:7
BRDA:12,0,0,9
BRDA:12,0,1,7
BRDA:15,1,0,1
BRDA:16,2,0,9
BRDA:16,2,1,2
BRDA:20,3,0,8
BRDA:20,3,1,6
BRF:7
BRH:7
end_of_record
TN:
SF:src\rook.ts
FN:5,(anonymous_1)
FNF:1
FNH:1
FNDA:9,(anonymous_1)
DA:1,1
DA:4,1
DA:6,9
DA:10,1
DA:11,8
LF:5
LH:5
BRDA:6,0,0,1
BRDA:7,1,0,9
BRDA:7,1,1,2
BRDA:12,2,0,8
BRDA:12,2,1,7
BRF:5
BRH:5
end_of_record
